[0.012s] Invoking command in '/home/yvonne/work/src/build/hiwin_interfaces': CMAKE_PREFIX_PATH=/opt/ros/humble /usr/bin/cmake /home/yvonne/work/src/Hiwin_libmodbus/hiwin_interfaces -DCMAKE_INSTALL_PREFIX=/home/yvonne/work/src/install/hiwin_interfaces
[0.046s] -- The C compiler identification is GNU 11.4.0
[0.081s] -- The CXX compiler identification is GNU 11.4.0
[0.088s] -- Detecting C compiler ABI info
[0.129s] -- Detecting C compiler ABI info - done
[0.133s] -- Check for working C compiler: /usr/bin/cc - skipped
[0.134s] -- Detecting C compile features
[0.134s] -- Detecting C compile features - done
[0.136s] -- Detecting CXX compiler ABI info
[0.184s] -- Detecting CXX compiler ABI info - done
[0.188s] -- Check for working CXX compiler: /usr/bin/c++ - skipped
[0.188s] -- Detecting CXX compile features
[0.189s] -- Detecting CXX compile features - done
[0.191s] -- Found ament_cmake: 1.3.8 (/opt/ros/humble/share/ament_cmake/cmake)
[0.288s] -- Found Python3: /usr/bin/python3 (found version "3.10.12") found components: Interpreter 
[0.348s] -- Found geometry_msgs: 4.2.3 (/opt/ros/humble/share/geometry_msgs/cmake)
[0.371s] -- Found rosidl_generator_c: 3.1.5 (/opt/ros/humble/share/rosidl_generator_c/cmake)
[0.374s] -- Found rosidl_adapter: 3.1.5 (/opt/ros/humble/share/rosidl_adapter/cmake)
[0.381s] -- Found rosidl_generator_cpp: 3.1.5 (/opt/ros/humble/share/rosidl_generator_cpp/cmake)
[0.388s] -- Using all available rosidl_typesupport_c: rosidl_typesupport_fastrtps_c;rosidl_typesupport_introspection_c
[0.400s] -- Using all available rosidl_typesupport_cpp: rosidl_typesupport_fastrtps_cpp;rosidl_typesupport_introspection_cpp
[0.473s] -- Found rosidl_default_generators: 1.2.0 (/opt/ros/humble/share/rosidl_default_generators/cmake)
[0.670s] -- Found ament_cmake_ros: 0.10.0 (/opt/ros/humble/share/ament_cmake_ros/cmake)
[0.918s] -- Using all available rosidl_typesupport_c: rosidl_typesupport_fastrtps_c;rosidl_typesupport_introspection_c
[1.028s] -- Using all available rosidl_typesupport_cpp: rosidl_typesupport_fastrtps_cpp;rosidl_typesupport_introspection_cpp
[1.044s] -- Found PythonInterp: /usr/bin/python3 (found suitable version "3.10.12", minimum required is "3.6") 
[1.045s] -- Found python_cmake_module: 0.10.0 (/opt/ros/humble/share/python_cmake_module/cmake)
[1.065s] -- Found PythonLibs: /usr/lib/x86_64-linux-gnu/libpython3.10.so (found suitable version "3.10.12", minimum required is "3.5") 
[1.065s] -- Using PYTHON_EXECUTABLE: /usr/bin/python3
[1.065s] -- Using PYTHON_INCLUDE_DIRS: /usr/include/python3.10
[1.065s] -- Using PYTHON_LIBRARIES: /usr/lib/x86_64-linux-gnu/libpython3.10.so
[1.080s] -- Found PythonExtra: .so  
[1.254s] -- Using numpy include directory: /usr/local/lib/python3.10/dist-packages/numpy/core/include
[1.262s] -- Found ament_lint_auto: 0.12.10 (/opt/ros/humble/share/ament_lint_auto/cmake)
[1.272s] -- Added test 'lint_cmake' to check CMake code style
[1.272s] -- Added test 'xmllint' to check XML markup files
[1.274s] -- Configuring done
[1.296s] -- Generating done
[1.298s] -- Build files have been written to: /home/yvonne/work/src/build/hiwin_interfaces
[1.320s] Invoked command in '/home/yvonne/work/src/build/hiwin_interfaces' returned '0': CMAKE_PREFIX_PATH=/opt/ros/humble /usr/bin/cmake /home/yvonne/work/src/Hiwin_libmodbus/hiwin_interfaces -DCMAKE_INSTALL_PREFIX=/home/yvonne/work/src/install/hiwin_interfaces
[1.321s] Invoking command in '/home/yvonne/work/src/build/hiwin_interfaces': CMAKE_PREFIX_PATH=/opt/ros/humble /usr/bin/cmake --build /home/yvonne/work/src/build/hiwin_interfaces -- -j16 -l16
[1.402s] [  2%] [34m[1mGenerating C code for ROS interfaces[0m
[1.405s] [  5%] [34m[1mGenerating C++ code for ROS interfaces[0m
[1.415s] [  5%] Built target ament_cmake_python_copy_hiwin_interfaces
[1.700s] running egg_info
[1.702s] creating hiwin_interfaces.egg-info
[1.702s] writing hiwin_interfaces.egg-info/PKG-INFO
[1.702s] writing dependency_links to hiwin_interfaces.egg-info/dependency_links.txt
[1.702s] writing top-level names to hiwin_interfaces.egg-info/top_level.txt
[1.703s] writing manifest file 'hiwin_interfaces.egg-info/SOURCES.txt'
[1.706s] reading manifest file 'hiwin_interfaces.egg-info/SOURCES.txt'
[1.706s] writing manifest file 'hiwin_interfaces.egg-info/SOURCES.txt'
[1.748s] [  5%] Built target ament_cmake_python_build_hiwin_interfaces_egg
[1.793s] [  7%] [32mBuilding C object CMakeFiles/hiwin_interfaces__rosidl_generator_c.dir/rosidl_generator_c/hiwin_interfaces/srv/detail/hiwinmodbus__functions.c.o[0m
[1.794s] [ 10%] [32mBuilding C object CMakeFiles/hiwin_interfaces__rosidl_generator_c.dir/rosidl_generator_c/hiwin_interfaces/srv/detail/robot_command__functions.c.o[0m
[1.798s] [ 10%] Built target hiwin_interfaces__cpp
[1.806s] [ 12%] [34m[1mGenerating C++ type support dispatch for ROS interfaces[0m
[1.807s] [ 15%] [34m[1mGenerating C++ type support for eProsima Fast-RTPS[0m
[1.807s] [ 17%] [34m[1mGenerating C++ introspection for ROS interfaces[0m
[1.861s] [ 20%] [32m[1mLinking C shared library libhiwin_interfaces__rosidl_generator_c.so[0m
[1.896s] [ 20%] Built target hiwin_interfaces__rosidl_generator_c
[1.905s] [ 23%] [34m[1mGenerating C type support dispatch for ROS interfaces[0m
[1.906s] [ 25%] [34m[1mGenerating C type support for eProsima Fast-RTPS[0m
[1.920s] [ 28%] [34m[1mGenerating C introspection for ROS interfaces[0m
[2.430s] [ 30%] [32mBuilding CXX object CMakeFiles/hiwin_interfaces__rosidl_typesupport_introspection_cpp.dir/rosidl_typesupport_introspection_cpp/hiwin_interfaces/srv/detail/hiwinmodbus__type_support.cpp.o[0m
[2.448s] [ 35%] [32mBuilding CXX object CMakeFiles/hiwin_interfaces__rosidl_typesupport_cpp.dir/rosidl_typesupport_cpp/hiwin_interfaces/srv/hiwinmodbus__type_support.cpp.o[0m
[2.448s] [ 35%] [32mBuilding CXX object CMakeFiles/hiwin_interfaces__rosidl_typesupport_cpp.dir/rosidl_typesupport_cpp/hiwin_interfaces/srv/robot_command__type_support.cpp.o[0m
[2.454s] [ 38%] [32mBuilding CXX object CMakeFiles/hiwin_interfaces__rosidl_typesupport_introspection_cpp.dir/rosidl_typesupport_introspection_cpp/hiwin_interfaces/srv/detail/robot_command__type_support.cpp.o[0m
[2.498s] [ 41%] [32mBuilding CXX object CMakeFiles/hiwin_interfaces__rosidl_typesupport_fastrtps_cpp.dir/rosidl_typesupport_fastrtps_cpp/hiwin_interfaces/srv/detail/dds_fastrtps/robot_command__type_support.cpp.o[0m
[2.498s] [ 43%] [32mBuilding CXX object CMakeFiles/hiwin_interfaces__rosidl_typesupport_fastrtps_cpp.dir/rosidl_typesupport_fastrtps_cpp/hiwin_interfaces/srv/detail/dds_fastrtps/hiwinmodbus__type_support.cpp.o[0m
[2.513s] [ 46%] [32mBuilding CXX object CMakeFiles/hiwin_interfaces__rosidl_typesupport_c.dir/rosidl_typesupport_c/hiwin_interfaces/srv/robot_command__type_support.cpp.o[0m
[2.526s] [ 48%] [32mBuilding CXX object CMakeFiles/hiwin_interfaces__rosidl_typesupport_c.dir/rosidl_typesupport_c/hiwin_interfaces/srv/hiwinmodbus__type_support.cpp.o[0m
[2.565s] [ 51%] [32mBuilding CXX object CMakeFiles/hiwin_interfaces__rosidl_typesupport_fastrtps_c.dir/rosidl_typesupport_fastrtps_c/hiwin_interfaces/srv/detail/hiwinmodbus__type_support_c.cpp.o[0m
[2.572s] [ 53%] [32mBuilding CXX object CMakeFiles/hiwin_interfaces__rosidl_typesupport_fastrtps_c.dir/rosidl_typesupport_fastrtps_c/hiwin_interfaces/srv/detail/robot_command__type_support_c.cpp.o[0m
[2.598s] [ 56%] [32m[1mLinking CXX shared library libhiwin_interfaces__rosidl_typesupport_c.so[0m
[2.629s] [ 58%] [32mBuilding C object CMakeFiles/hiwin_interfaces__rosidl_typesupport_introspection_c.dir/rosidl_typesupport_introspection_c/hiwin_interfaces/srv/detail/robot_command__type_support.c.o[0m
[2.662s] [ 61%] [32mBuilding C object CMakeFiles/hiwin_interfaces__rosidl_typesupport_introspection_c.dir/rosidl_typesupport_introspection_c/hiwin_interfaces/srv/detail/hiwinmodbus__type_support.c.o[0m
[2.743s] [ 61%] Built target hiwin_interfaces__rosidl_typesupport_c
[2.788s] [ 64%] [32m[1mLinking C shared library libhiwin_interfaces__rosidl_typesupport_introspection_c.so[0m
[2.799s] [ 66%] [32m[1mLinking CXX shared library libhiwin_interfaces__rosidl_typesupport_cpp.so[0m
[2.851s] [ 66%] Built target hiwin_interfaces__rosidl_typesupport_introspection_c
[2.851s] [ 66%] Built target hiwin_interfaces__rosidl_typesupport_cpp
[2.911s] [ 69%] [32m[1mLinking CXX shared library libhiwin_interfaces__rosidl_typesupport_introspection_cpp.so[0m
[3.094s] [ 69%] Built target hiwin_interfaces__rosidl_typesupport_introspection_cpp
[3.122s] [ 71%] [32m[1mLinking CXX shared library libhiwin_interfaces__rosidl_typesupport_fastrtps_c.so[0m
[3.181s] [ 74%] [32m[1mLinking CXX shared library libhiwin_interfaces__rosidl_typesupport_fastrtps_cpp.so[0m
[3.255s] [ 74%] Built target hiwin_interfaces__rosidl_typesupport_fastrtps_c
[3.326s] [ 74%] Built target hiwin_interfaces__rosidl_typesupport_fastrtps_cpp
[3.347s] [ 74%] Built target hiwin_interfaces
[3.373s] [ 76%] [34m[1mGenerating Python code for ROS interfaces[0m
[3.951s] [ 76%] Built target hiwin_interfaces__py
[3.962s] [ 82%] [32mBuilding C object CMakeFiles/hiwin_interfaces__rosidl_generator_py.dir/rosidl_generator_py/hiwin_interfaces/srv/_robot_command_s.c.o[0m
[3.962s] [ 82%] [32mBuilding C object CMakeFiles/hiwin_interfaces__rosidl_generator_py.dir/rosidl_generator_py/hiwin_interfaces/srv/_hiwinmodbus_s.c.o[0m
[4.046s] [ 84%] [32m[1mLinking C shared library rosidl_generator_py/hiwin_interfaces/libhiwin_interfaces__rosidl_generator_py.so[0m
[4.074s] [ 84%] Built target hiwin_interfaces__rosidl_generator_py
[4.086s] [ 89%] [32mBuilding C object CMakeFiles/hiwin_interfaces__rosidl_typesupport_introspection_c__pyext.dir/rosidl_generator_py/hiwin_interfaces/_hiwin_interfaces_s.ep.rosidl_typesupport_introspection_c.c.o[0m
[4.086s] [ 89%] [32mBuilding C object CMakeFiles/hiwin_interfaces__rosidl_typesupport_fastrtps_c__pyext.dir/rosidl_generator_py/hiwin_interfaces/_hiwin_interfaces_s.ep.rosidl_typesupport_fastrtps_c.c.o[0m
[4.091s] [ 92%] [32mBuilding C object CMakeFiles/hiwin_interfaces__rosidl_typesupport_c__pyext.dir/rosidl_generator_py/hiwin_interfaces/_hiwin_interfaces_s.ep.rosidl_typesupport_c.c.o[0m
[4.152s] [ 94%] [32m[1mLinking C shared library rosidl_generator_py/hiwin_interfaces/hiwin_interfaces_s__rosidl_typesupport_fastrtps_c.cpython-310-x86_64-linux-gnu.so[0m
[4.154s] [ 97%] [32m[1mLinking C shared library rosidl_generator_py/hiwin_interfaces/hiwin_interfaces_s__rosidl_typesupport_c.cpython-310-x86_64-linux-gnu.so[0m
[4.175s] [ 97%] Built target hiwin_interfaces__rosidl_typesupport_fastrtps_c__pyext
[4.177s] [ 97%] Built target hiwin_interfaces__rosidl_typesupport_c__pyext
[4.187s] [100%] [32m[1mLinking C shared library rosidl_generator_py/hiwin_interfaces/hiwin_interfaces_s__rosidl_typesupport_introspection_c.cpython-310-x86_64-linux-gnu.so[0m
[4.212s] [100%] Built target hiwin_interfaces__rosidl_typesupport_introspection_c__pyext
[4.501s] Invoked command in '/home/yvonne/work/src/build/hiwin_interfaces' returned '0': CMAKE_PREFIX_PATH=/opt/ros/humble /usr/bin/cmake --build /home/yvonne/work/src/build/hiwin_interfaces -- -j16 -l16
[4.538s] Invoking command in '/home/yvonne/work/src/build/hiwin_interfaces': CMAKE_PREFIX_PATH=/opt/ros/humble /usr/bin/cmake --install /home/yvonne/work/src/build/hiwin_interfaces
[4.546s] -- Install configuration: ""
[4.546s] -- Installing: /home/yvonne/work/src/install/hiwin_interfaces/share/ament_index/resource_index/rosidl_interfaces/hiwin_interfaces
[4.546s] -- Installing: /home/yvonne/work/src/install/hiwin_interfaces/include/hiwin_interfaces/hiwin_interfaces
[4.546s] -- Installing: /home/yvonne/work/src/install/hiwin_interfaces/include/hiwin_interfaces/hiwin_interfaces/srv
[4.546s] -- Installing: /home/yvonne/work/src/install/hiwin_interfaces/include/hiwin_interfaces/hiwin_interfaces/srv/detail
[4.547s] -- Installing: /home/yvonne/work/src/install/hiwin_interfaces/include/hiwin_interfaces/hiwin_interfaces/srv/detail/robot_command__struct.h
[4.547s] -- Installing: /home/yvonne/work/src/install/hiwin_interfaces/include/hiwin_interfaces/hiwin_interfaces/srv/detail/hiwinmodbus__functions.h
[4.547s] -- Installing: /home/yvonne/work/src/install/hiwin_interfaces/include/hiwin_interfaces/hiwin_interfaces/srv/detail/robot_command__functions.c
[4.547s] -- Installing: /home/yvonne/work/src/install/hiwin_interfaces/include/hiwin_interfaces/hiwin_interfaces/srv/detail/hiwinmodbus__struct.h
[4.547s] -- Installing: /home/yvonne/work/src/install/hiwin_interfaces/include/hiwin_interfaces/hiwin_interfaces/srv/detail/hiwinmodbus__functions.c
[4.547s] -- Installing: /home/yvonne/work/src/install/hiwin_interfaces/include/hiwin_interfaces/hiwin_interfaces/srv/detail/hiwinmodbus__type_support.h
[4.547s] -- Installing: /home/yvonne/work/src/install/hiwin_interfaces/include/hiwin_interfaces/hiwin_interfaces/srv/detail/robot_command__functions.h
[4.547s] -- Installing: /home/yvonne/work/src/install/hiwin_interfaces/include/hiwin_interfaces/hiwin_interfaces/srv/detail/robot_command__type_support.h
[4.547s] -- Installing: /home/yvonne/work/src/install/hiwin_interfaces/include/hiwin_interfaces/hiwin_interfaces/srv/robot_command.h
[4.548s] -- Installing: /home/yvonne/work/src/install/hiwin_interfaces/include/hiwin_interfaces/hiwin_interfaces/srv/hiwinmodbus.h
[4.548s] -- Installing: /home/yvonne/work/src/install/hiwin_interfaces/include/hiwin_interfaces/hiwin_interfaces/msg
[4.548s] -- Installing: /home/yvonne/work/src/install/hiwin_interfaces/include/hiwin_interfaces/hiwin_interfaces/msg/rosidl_generator_c__visibility_control.h
[4.548s] -- Installing: /home/yvonne/work/src/install/hiwin_interfaces/share/hiwin_interfaces/environment/library_path.sh
[4.548s] -- Installing: /home/yvonne/work/src/install/hiwin_interfaces/share/hiwin_interfaces/environment/library_path.dsv
[4.548s] -- Installing: /home/yvonne/work/src/install/hiwin_interfaces/lib/libhiwin_interfaces__rosidl_generator_c.so
[4.548s] -- Set runtime path of "/home/yvonne/work/src/install/hiwin_interfaces/lib/libhiwin_interfaces__rosidl_generator_c.so" to ""
[4.548s] -- Up-to-date: /home/yvonne/work/src/install/hiwin_interfaces/include/hiwin_interfaces/hiwin_interfaces
[4.549s] -- Up-to-date: /home/yvonne/work/src/install/hiwin_interfaces/include/hiwin_interfaces/hiwin_interfaces/srv
[4.549s] -- Up-to-date: /home/yvonne/work/src/install/hiwin_interfaces/include/hiwin_interfaces/hiwin_interfaces/srv/detail
[4.549s] -- Installing: /home/yvonne/work/src/install/hiwin_interfaces/include/hiwin_interfaces/hiwin_interfaces/srv/detail/robot_command__rosidl_typesupport_fastrtps_c.h
[4.549s] -- Installing: /home/yvonne/work/src/install/hiwin_interfaces/include/hiwin_interfaces/hiwin_interfaces/srv/detail/hiwinmodbus__rosidl_typesupport_fastrtps_c.h
[4.549s] -- Up-to-date: /home/yvonne/work/src/install/hiwin_interfaces/include/hiwin_interfaces/hiwin_interfaces/msg
[4.549s] -- Installing: /home/yvonne/work/src/install/hiwin_interfaces/include/hiwin_interfaces/hiwin_interfaces/msg/rosidl_typesupport_fastrtps_c__visibility_control.h
[4.549s] -- Installing: /home/yvonne/work/src/install/hiwin_interfaces/lib/libhiwin_interfaces__rosidl_typesupport_fastrtps_c.so
[4.549s] -- Set runtime path of "/home/yvonne/work/src/install/hiwin_interfaces/lib/libhiwin_interfaces__rosidl_typesupport_fastrtps_c.so" to ""
[4.550s] -- Up-to-date: /home/yvonne/work/src/install/hiwin_interfaces/include/hiwin_interfaces/hiwin_interfaces
[4.550s] -- Up-to-date: /home/yvonne/work/src/install/hiwin_interfaces/include/hiwin_interfaces/hiwin_interfaces/srv
[4.550s] -- Up-to-date: /home/yvonne/work/src/install/hiwin_interfaces/include/hiwin_interfaces/hiwin_interfaces/srv/detail
[4.550s] -- Installing: /home/yvonne/work/src/install/hiwin_interfaces/include/hiwin_interfaces/hiwin_interfaces/srv/detail/robot_command__traits.hpp
[4.550s] -- Installing: /home/yvonne/work/src/install/hiwin_interfaces/include/hiwin_interfaces/hiwin_interfaces/srv/detail/robot_command__struct.hpp
[4.550s] -- Installing: /home/yvonne/work/src/install/hiwin_interfaces/include/hiwin_interfaces/hiwin_interfaces/srv/detail/hiwinmodbus__builder.hpp
[4.550s] -- Installing: /home/yvonne/work/src/install/hiwin_interfaces/include/hiwin_interfaces/hiwin_interfaces/srv/detail/hiwinmodbus__traits.hpp
[4.550s] -- Installing: /home/yvonne/work/src/install/hiwin_interfaces/include/hiwin_interfaces/hiwin_interfaces/srv/detail/hiwinmodbus__struct.hpp
[4.550s] -- Installing: /home/yvonne/work/src/install/hiwin_interfaces/include/hiwin_interfaces/hiwin_interfaces/srv/detail/robot_command__builder.hpp
[4.551s] -- Installing: /home/yvonne/work/src/install/hiwin_interfaces/include/hiwin_interfaces/hiwin_interfaces/srv/robot_command.hpp
[4.551s] -- Installing: /home/yvonne/work/src/install/hiwin_interfaces/include/hiwin_interfaces/hiwin_interfaces/srv/hiwinmodbus.hpp
[4.551s] -- Up-to-date: /home/yvonne/work/src/install/hiwin_interfaces/include/hiwin_interfaces/hiwin_interfaces
[4.551s] -- Up-to-date: /home/yvonne/work/src/install/hiwin_interfaces/include/hiwin_interfaces/hiwin_interfaces/srv
[4.551s] -- Up-to-date: /home/yvonne/work/src/install/hiwin_interfaces/include/hiwin_interfaces/hiwin_interfaces/srv/detail
[4.551s] -- Installing: /home/yvonne/work/src/install/hiwin_interfaces/include/hiwin_interfaces/hiwin_interfaces/srv/detail/dds_fastrtps
[4.551s] -- Installing: /home/yvonne/work/src/install/hiwin_interfaces/include/hiwin_interfaces/hiwin_interfaces/srv/detail/robot_command__rosidl_typesupport_fastrtps_cpp.hpp
[4.551s] -- Installing: /home/yvonne/work/src/install/hiwin_interfaces/include/hiwin_interfaces/hiwin_interfaces/srv/detail/hiwinmodbus__rosidl_typesupport_fastrtps_cpp.hpp
[4.551s] -- Up-to-date: /home/yvonne/work/src/install/hiwin_interfaces/include/hiwin_interfaces/hiwin_interfaces/msg
[4.551s] -- Installing: /home/yvonne/work/src/install/hiwin_interfaces/include/hiwin_interfaces/hiwin_interfaces/msg/rosidl_typesupport_fastrtps_cpp__visibility_control.h
[4.551s] -- Installing: /home/yvonne/work/src/install/hiwin_interfaces/lib/libhiwin_interfaces__rosidl_typesupport_fastrtps_cpp.so
[4.551s] -- Set runtime path of "/home/yvonne/work/src/install/hiwin_interfaces/lib/libhiwin_interfaces__rosidl_typesupport_fastrtps_cpp.so" to ""
[4.552s] -- Up-to-date: /home/yvonne/work/src/install/hiwin_interfaces/include/hiwin_interfaces/hiwin_interfaces
[4.552s] -- Up-to-date: /home/yvonne/work/src/install/hiwin_interfaces/include/hiwin_interfaces/hiwin_interfaces/srv
[4.552s] -- Up-to-date: /home/yvonne/work/src/install/hiwin_interfaces/include/hiwin_interfaces/hiwin_interfaces/srv/detail
[4.552s] -- Installing: /home/yvonne/work/src/install/hiwin_interfaces/include/hiwin_interfaces/hiwin_interfaces/srv/detail/hiwinmodbus__rosidl_typesupport_introspection_c.h
[4.552s] -- Installing: /home/yvonne/work/src/install/hiwin_interfaces/include/hiwin_interfaces/hiwin_interfaces/srv/detail/hiwinmodbus__type_support.c
[4.552s] -- Installing: /home/yvonne/work/src/install/hiwin_interfaces/include/hiwin_interfaces/hiwin_interfaces/srv/detail/robot_command__rosidl_typesupport_introspection_c.h
[4.552s] -- Installing: /home/yvonne/work/src/install/hiwin_interfaces/include/hiwin_interfaces/hiwin_interfaces/srv/detail/robot_command__type_support.c
[4.552s] -- Up-to-date: /home/yvonne/work/src/install/hiwin_interfaces/include/hiwin_interfaces/hiwin_interfaces/msg
[4.552s] -- Installing: /home/yvonne/work/src/install/hiwin_interfaces/include/hiwin_interfaces/hiwin_interfaces/msg/rosidl_typesupport_introspection_c__visibility_control.h
[4.552s] -- Installing: /home/yvonne/work/src/install/hiwin_interfaces/lib/libhiwin_interfaces__rosidl_typesupport_introspection_c.so
[4.552s] -- Set runtime path of "/home/yvonne/work/src/install/hiwin_interfaces/lib/libhiwin_interfaces__rosidl_typesupport_introspection_c.so" to ""
[4.553s] -- Installing: /home/yvonne/work/src/install/hiwin_interfaces/lib/libhiwin_interfaces__rosidl_typesupport_c.so
[4.553s] -- Set runtime path of "/home/yvonne/work/src/install/hiwin_interfaces/lib/libhiwin_interfaces__rosidl_typesupport_c.so" to ""
[4.553s] -- Up-to-date: /home/yvonne/work/src/install/hiwin_interfaces/include/hiwin_interfaces/hiwin_interfaces
[4.553s] -- Up-to-date: /home/yvonne/work/src/install/hiwin_interfaces/include/hiwin_interfaces/hiwin_interfaces/srv
[4.553s] -- Up-to-date: /home/yvonne/work/src/install/hiwin_interfaces/include/hiwin_interfaces/hiwin_interfaces/srv/detail
[4.553s] -- Installing: /home/yvonne/work/src/install/hiwin_interfaces/include/hiwin_interfaces/hiwin_interfaces/srv/detail/hiwinmodbus__rosidl_typesupport_introspection_cpp.hpp
[4.553s] -- Installing: /home/yvonne/work/src/install/hiwin_interfaces/include/hiwin_interfaces/hiwin_interfaces/srv/detail/hiwinmodbus__type_support.cpp
[4.553s] -- Installing: /home/yvonne/work/src/install/hiwin_interfaces/include/hiwin_interfaces/hiwin_interfaces/srv/detail/robot_command__type_support.cpp
[4.553s] -- Installing: /home/yvonne/work/src/install/hiwin_interfaces/include/hiwin_interfaces/hiwin_interfaces/srv/detail/robot_command__rosidl_typesupport_introspection_cpp.hpp
[4.553s] -- Installing: /home/yvonne/work/src/install/hiwin_interfaces/lib/libhiwin_interfaces__rosidl_typesupport_introspection_cpp.so
[4.554s] -- Set runtime path of "/home/yvonne/work/src/install/hiwin_interfaces/lib/libhiwin_interfaces__rosidl_typesupport_introspection_cpp.so" to ""
[4.554s] -- Installing: /home/yvonne/work/src/install/hiwin_interfaces/lib/libhiwin_interfaces__rosidl_typesupport_cpp.so
[4.554s] -- Set runtime path of "/home/yvonne/work/src/install/hiwin_interfaces/lib/libhiwin_interfaces__rosidl_typesupport_cpp.so" to ""
[4.554s] -- Installing: /home/yvonne/work/src/install/hiwin_interfaces/share/hiwin_interfaces/environment/pythonpath.sh
[4.554s] -- Installing: /home/yvonne/work/src/install/hiwin_interfaces/share/hiwin_interfaces/environment/pythonpath.dsv
[4.554s] -- Installing: /home/yvonne/work/src/install/hiwin_interfaces/local/lib/python3.10/dist-packages/hiwin_interfaces-0.0.0-py3.10.egg-info
[4.554s] -- Installing: /home/yvonne/work/src/install/hiwin_interfaces/local/lib/python3.10/dist-packages/hiwin_interfaces-0.0.0-py3.10.egg-info/SOURCES.txt
[4.555s] -- Installing: /home/yvonne/work/src/install/hiwin_interfaces/local/lib/python3.10/dist-packages/hiwin_interfaces-0.0.0-py3.10.egg-info/PKG-INFO
[4.555s] -- Installing: /home/yvonne/work/src/install/hiwin_interfaces/local/lib/python3.10/dist-packages/hiwin_interfaces-0.0.0-py3.10.egg-info/top_level.txt
[4.555s] -- Installing: /home/yvonne/work/src/install/hiwin_interfaces/local/lib/python3.10/dist-packages/hiwin_interfaces-0.0.0-py3.10.egg-info/dependency_links.txt
[4.555s] -- Installing: /home/yvonne/work/src/install/hiwin_interfaces/local/lib/python3.10/dist-packages/hiwin_interfaces
[4.555s] -- Installing: /home/yvonne/work/src/install/hiwin_interfaces/local/lib/python3.10/dist-packages/hiwin_interfaces/_hiwin_interfaces_s.ep.rosidl_typesupport_c.c
[4.555s] -- Installing: /home/yvonne/work/src/install/hiwin_interfaces/local/lib/python3.10/dist-packages/hiwin_interfaces/__init__.py
[4.555s] -- Installing: /home/yvonne/work/src/install/hiwin_interfaces/local/lib/python3.10/dist-packages/hiwin_interfaces/libhiwin_interfaces__rosidl_generator_py.so
[4.555s] -- Installing: /home/yvonne/work/src/install/hiwin_interfaces/local/lib/python3.10/dist-packages/hiwin_interfaces/hiwin_interfaces_s__rosidl_typesupport_introspection_c.cpython-310-x86_64-linux-gnu.so
[4.555s] -- Installing: /home/yvonne/work/src/install/hiwin_interfaces/local/lib/python3.10/dist-packages/hiwin_interfaces/_hiwin_interfaces_s.ep.rosidl_typesupport_introspection_c.c
[4.555s] -- Installing: /home/yvonne/work/src/install/hiwin_interfaces/local/lib/python3.10/dist-packages/hiwin_interfaces/hiwin_interfaces_s__rosidl_typesupport_c.cpython-310-x86_64-linux-gnu.so
[4.556s] -- Installing: /home/yvonne/work/src/install/hiwin_interfaces/local/lib/python3.10/dist-packages/hiwin_interfaces/hiwin_interfaces_s__rosidl_typesupport_fastrtps_c.cpython-310-x86_64-linux-gnu.so
[4.556s] -- Installing: /home/yvonne/work/src/install/hiwin_interfaces/local/lib/python3.10/dist-packages/hiwin_interfaces/srv
[4.556s] -- Installing: /home/yvonne/work/src/install/hiwin_interfaces/local/lib/python3.10/dist-packages/hiwin_interfaces/srv/__init__.py
[4.556s] -- Installing: /home/yvonne/work/src/install/hiwin_interfaces/local/lib/python3.10/dist-packages/hiwin_interfaces/srv/_robot_command_s.c
[4.556s] -- Installing: /home/yvonne/work/src/install/hiwin_interfaces/local/lib/python3.10/dist-packages/hiwin_interfaces/srv/_robot_command.py
[4.556s] -- Installing: /home/yvonne/work/src/install/hiwin_interfaces/local/lib/python3.10/dist-packages/hiwin_interfaces/srv/_hiwinmodbus_s.c
[4.556s] -- Installing: /home/yvonne/work/src/install/hiwin_interfaces/local/lib/python3.10/dist-packages/hiwin_interfaces/srv/_hiwinmodbus.py
[4.556s] -- Installing: /home/yvonne/work/src/install/hiwin_interfaces/local/lib/python3.10/dist-packages/hiwin_interfaces/_hiwin_interfaces_s.ep.rosidl_typesupport_fastrtps_c.c
[4.589s] Listing '/home/yvonne/work/src/install/hiwin_interfaces/local/lib/python3.10/dist-packages/hiwin_interfaces'...
[4.589s] Compiling '/home/yvonne/work/src/install/hiwin_interfaces/local/lib/python3.10/dist-packages/hiwin_interfaces/__init__.py'...
[4.589s] Listing '/home/yvonne/work/src/install/hiwin_interfaces/local/lib/python3.10/dist-packages/hiwin_interfaces/srv'...
[4.589s] Compiling '/home/yvonne/work/src/install/hiwin_interfaces/local/lib/python3.10/dist-packages/hiwin_interfaces/srv/__init__.py'...
[4.589s] Compiling '/home/yvonne/work/src/install/hiwin_interfaces/local/lib/python3.10/dist-packages/hiwin_interfaces/srv/_hiwinmodbus.py'...
[4.589s] Compiling '/home/yvonne/work/src/install/hiwin_interfaces/local/lib/python3.10/dist-packages/hiwin_interfaces/srv/_robot_command.py'...
[4.592s] -- Installing: /home/yvonne/work/src/install/hiwin_interfaces/local/lib/python3.10/dist-packages/hiwin_interfaces/hiwin_interfaces_s__rosidl_typesupport_fastrtps_c.cpython-310-x86_64-linux-gnu.so
[4.592s] -- Set runtime path of "/home/yvonne/work/src/install/hiwin_interfaces/local/lib/python3.10/dist-packages/hiwin_interfaces/hiwin_interfaces_s__rosidl_typesupport_fastrtps_c.cpython-310-x86_64-linux-gnu.so" to ""
[4.592s] -- Installing: /home/yvonne/work/src/install/hiwin_interfaces/local/lib/python3.10/dist-packages/hiwin_interfaces/hiwin_interfaces_s__rosidl_typesupport_introspection_c.cpython-310-x86_64-linux-gnu.so
[4.593s] -- Set runtime path of "/home/yvonne/work/src/install/hiwin_interfaces/local/lib/python3.10/dist-packages/hiwin_interfaces/hiwin_interfaces_s__rosidl_typesupport_introspection_c.cpython-310-x86_64-linux-gnu.so" to ""
[4.593s] -- Installing: /home/yvonne/work/src/install/hiwin_interfaces/local/lib/python3.10/dist-packages/hiwin_interfaces/hiwin_interfaces_s__rosidl_typesupport_c.cpython-310-x86_64-linux-gnu.so
[4.594s] -- Set runtime path of "/home/yvonne/work/src/install/hiwin_interfaces/local/lib/python3.10/dist-packages/hiwin_interfaces/hiwin_interfaces_s__rosidl_typesupport_c.cpython-310-x86_64-linux-gnu.so" to ""
[4.594s] -- Installing: /home/yvonne/work/src/install/hiwin_interfaces/lib/libhiwin_interfaces__rosidl_generator_py.so
[4.594s] -- Set runtime path of "/home/yvonne/work/src/install/hiwin_interfaces/lib/libhiwin_interfaces__rosidl_generator_py.so" to ""
[4.594s] -- Installing: /home/yvonne/work/src/install/hiwin_interfaces/share/hiwin_interfaces/srv/Hiwinmodbus.idl
[4.595s] -- Installing: /home/yvonne/work/src/install/hiwin_interfaces/share/hiwin_interfaces/srv/RobotCommand.idl
[4.595s] -- Installing: /home/yvonne/work/src/install/hiwin_interfaces/share/hiwin_interfaces/srv/Hiwinmodbus.srv
[4.595s] -- Installing: /home/yvonne/work/src/install/hiwin_interfaces/share/hiwin_interfaces/srv/Hiwinmodbus_Request.msg
[4.595s] -- Installing: /home/yvonne/work/src/install/hiwin_interfaces/share/hiwin_interfaces/srv/Hiwinmodbus_Response.msg
[4.596s] -- Installing: /home/yvonne/work/src/install/hiwin_interfaces/share/hiwin_interfaces/srv/RobotCommand.srv
[4.596s] -- Installing: /home/yvonne/work/src/install/hiwin_interfaces/share/hiwin_interfaces/srv/RobotCommand_Request.msg
[4.596s] -- Installing: /home/yvonne/work/src/install/hiwin_interfaces/share/hiwin_interfaces/srv/RobotCommand_Response.msg
[4.596s] -- Installing: /home/yvonne/work/src/install/hiwin_interfaces/share/ament_index/resource_index/package_run_dependencies/hiwin_interfaces
[4.597s] -- Installing: /home/yvonne/work/src/install/hiwin_interfaces/share/ament_index/resource_index/parent_prefix_path/hiwin_interfaces
[4.597s] -- Installing: /home/yvonne/work/src/install/hiwin_interfaces/share/hiwin_interfaces/environment/ament_prefix_path.sh
[4.597s] -- Installing: /home/yvonne/work/src/install/hiwin_interfaces/share/hiwin_interfaces/environment/ament_prefix_path.dsv
[4.597s] -- Installing: /home/yvonne/work/src/install/hiwin_interfaces/share/hiwin_interfaces/environment/path.sh
[4.598s] -- Installing: /home/yvonne/work/src/install/hiwin_interfaces/share/hiwin_interfaces/environment/path.dsv
[4.598s] -- Installing: /home/yvonne/work/src/install/hiwin_interfaces/share/hiwin_interfaces/local_setup.bash
[4.598s] -- Installing: /home/yvonne/work/src/install/hiwin_interfaces/share/hiwin_interfaces/local_setup.sh
[4.598s] -- Installing: /home/yvonne/work/src/install/hiwin_interfaces/share/hiwin_interfaces/local_setup.zsh
[4.598s] -- Installing: /home/yvonne/work/src/install/hiwin_interfaces/share/hiwin_interfaces/local_setup.dsv
[4.599s] -- Installing: /home/yvonne/work/src/install/hiwin_interfaces/share/hiwin_interfaces/package.dsv
[4.599s] -- Installing: /home/yvonne/work/src/install/hiwin_interfaces/share/ament_index/resource_index/packages/hiwin_interfaces
[4.599s] -- Installing: /home/yvonne/work/src/install/hiwin_interfaces/share/hiwin_interfaces/cmake/export_hiwin_interfaces__rosidl_generator_cExport.cmake
[4.600s] -- Installing: /home/yvonne/work/src/install/hiwin_interfaces/share/hiwin_interfaces/cmake/export_hiwin_interfaces__rosidl_generator_cExport-noconfig.cmake
[4.600s] -- Installing: /home/yvonne/work/src/install/hiwin_interfaces/share/hiwin_interfaces/cmake/export_hiwin_interfaces__rosidl_typesupport_fastrtps_cExport.cmake
[4.600s] -- Installing: /home/yvonne/work/src/install/hiwin_interfaces/share/hiwin_interfaces/cmake/export_hiwin_interfaces__rosidl_typesupport_fastrtps_cExport-noconfig.cmake
[4.600s] -- Installing: /home/yvonne/work/src/install/hiwin_interfaces/share/hiwin_interfaces/cmake/export_hiwin_interfaces__rosidl_generator_cppExport.cmake
[4.600s] -- Installing: /home/yvonne/work/src/install/hiwin_interfaces/share/hiwin_interfaces/cmake/export_hiwin_interfaces__rosidl_typesupport_fastrtps_cppExport.cmake
[4.600s] -- Installing: /home/yvonne/work/src/install/hiwin_interfaces/share/hiwin_interfaces/cmake/export_hiwin_interfaces__rosidl_typesupport_fastrtps_cppExport-noconfig.cmake
[4.601s] -- Installing: /home/yvonne/work/src/install/hiwin_interfaces/share/hiwin_interfaces/cmake/hiwin_interfaces__rosidl_typesupport_introspection_cExport.cmake
[4.601s] -- Installing: /home/yvonne/work/src/install/hiwin_interfaces/share/hiwin_interfaces/cmake/hiwin_interfaces__rosidl_typesupport_introspection_cExport-noconfig.cmake
[4.601s] -- Installing: /home/yvonne/work/src/install/hiwin_interfaces/share/hiwin_interfaces/cmake/hiwin_interfaces__rosidl_typesupport_cExport.cmake
[4.602s] -- Installing: /home/yvonne/work/src/install/hiwin_interfaces/share/hiwin_interfaces/cmake/hiwin_interfaces__rosidl_typesupport_cExport-noconfig.cmake
[4.602s] -- Installing: /home/yvonne/work/src/install/hiwin_interfaces/share/hiwin_interfaces/cmake/hiwin_interfaces__rosidl_typesupport_introspection_cppExport.cmake
[4.602s] -- Installing: /home/yvonne/work/src/install/hiwin_interfaces/share/hiwin_interfaces/cmake/hiwin_interfaces__rosidl_typesupport_introspection_cppExport-noconfig.cmake
[4.602s] -- Installing: /home/yvonne/work/src/install/hiwin_interfaces/share/hiwin_interfaces/cmake/hiwin_interfaces__rosidl_typesupport_cppExport.cmake
[4.602s] -- Installing: /home/yvonne/work/src/install/hiwin_interfaces/share/hiwin_interfaces/cmake/hiwin_interfaces__rosidl_typesupport_cppExport-noconfig.cmake
[4.605s] -- Installing: /home/yvonne/work/src/install/hiwin_interfaces/share/hiwin_interfaces/cmake/export_hiwin_interfaces__rosidl_generator_pyExport.cmake
[4.605s] -- Installing: /home/yvonne/work/src/install/hiwin_interfaces/share/hiwin_interfaces/cmake/export_hiwin_interfaces__rosidl_generator_pyExport-noconfig.cmake
[4.605s] -- Installing: /home/yvonne/work/src/install/hiwin_interfaces/share/hiwin_interfaces/cmake/rosidl_cmake-extras.cmake
[4.606s] -- Installing: /home/yvonne/work/src/install/hiwin_interfaces/share/hiwin_interfaces/cmake/ament_cmake_export_dependencies-extras.cmake
[4.606s] -- Installing: /home/yvonne/work/src/install/hiwin_interfaces/share/hiwin_interfaces/cmake/ament_cmake_export_include_directories-extras.cmake
[4.607s] -- Installing: /home/yvonne/work/src/install/hiwin_interfaces/share/hiwin_interfaces/cmake/ament_cmake_export_libraries-extras.cmake
[4.607s] -- Installing: /home/yvonne/work/src/install/hiwin_interfaces/share/hiwin_interfaces/cmake/ament_cmake_export_targets-extras.cmake
[4.607s] -- Installing: /home/yvonne/work/src/install/hiwin_interfaces/share/hiwin_interfaces/cmake/rosidl_cmake_export_typesupport_targets-extras.cmake
[4.608s] -- Installing: /home/yvonne/work/src/install/hiwin_interfaces/share/hiwin_interfaces/cmake/rosidl_cmake_export_typesupport_libraries-extras.cmake
[4.608s] -- Installing: /home/yvonne/work/src/install/hiwin_interfaces/share/hiwin_interfaces/cmake/hiwin_interfacesConfig.cmake
[4.608s] -- Installing: /home/yvonne/work/src/install/hiwin_interfaces/share/hiwin_interfaces/cmake/hiwin_interfacesConfig-version.cmake
[4.608s] -- Installing: /home/yvonne/work/src/install/hiwin_interfaces/share/hiwin_interfaces/package.xml
[4.615s] Invoked command in '/home/yvonne/work/src/build/hiwin_interfaces' returned '0': CMAKE_PREFIX_PATH=/opt/ros/humble /usr/bin/cmake --install /home/yvonne/work/src/build/hiwin_interfaces
