-- The C compiler identification is GNU 11.4.0
-- The CXX compiler identification is GNU 11.4.0
-- Detecting C compiler ABI info
-- Detecting C compiler ABI info - done
-- Check for working C compiler: /usr/bin/cc - skipped
-- Detecting C compile features
-- Detecting C compile features - done
-- Detecting CXX compiler ABI info
-- Detecting CXX compiler ABI info - done
-- Check for working CXX compiler: /usr/bin/c++ - skipped
-- Detecting CXX compile features
-- Detecting CXX compile features - done
-- Found ament_cmake: 1.3.8 (/opt/ros/humble/share/ament_cmake/cmake)
-- Found Python3: /usr/bin/python3 (found version "3.10.12") found components: Interpreter 
-- Found ament_cmake_ros: 0.10.0 (/opt/ros/humble/share/ament_cmake_ros/cmake)
-- Found rclcpp: 16.0.8 (/opt/ros/humble/share/rclcpp/cmake)
-- Found rosidl_generator_c: 3.1.5 (/opt/ros/humble/share/rosidl_generator_c/cmake)
-- Found rosidl_adapter: 3.1.5 (/opt/ros/humble/share/rosidl_adapter/cmake)
-- Found rosidl_generator_cpp: 3.1.5 (/opt/ros/humble/share/rosidl_generator_cpp/cmake)
-- Using all available rosidl_typesupport_c: rosidl_typesupport_fastrtps_c;rosidl_typesupport_introspection_c
-- Using all available rosidl_typesupport_cpp: rosidl_typesupport_fastrtps_cpp;rosidl_typesupport_introspection_cpp
-- Found rmw_implementation_cmake: 6.1.1 (/opt/ros/humble/share/rmw_implementation_cmake/cmake)
-- Found rmw_cyclonedds_cpp: 1.3.4 (/opt/ros/humble/share/rmw_cyclonedds_cpp/cmake)
-- Using RMW implementation 'rmw_cyclonedds_cpp' as default
-- Looking for pthread.h
-- Looking for pthread.h - found
-- Performing Test CMAKE_HAVE_LIBC_PTHREAD
-- Performing Test CMAKE_HAVE_LIBC_PTHREAD - Success
-- Found Threads: TRUE  
-- Found rclcpp_action: 16.0.8 (/opt/ros/humble/share/rclcpp_action/cmake)
-- Found rclcpp_components: 16.0.8 (/opt/ros/humble/share/rclcpp_components/cmake)
-- Found hiwin_interfaces: 0.0.0 (/home/yvonne/work/src/install/hiwin_interfaces/share/hiwin_interfaces/cmake)
-- Found ament_lint_auto: 0.12.10 (/opt/ros/humble/share/ament_lint_auto/cmake)
-- Added test 'cppcheck' to perform static code analysis on C / C++ code
-- Configured cppcheck include dirs: $<BUILD_INTERFACE:/home/yvonne/work/src/Hiwin_libmodbus/hiwin_libmodbus/include>
-- Configured cppcheck exclude dirs and/or files: 
-- Added test 'flake8' to check Python code syntax and style conventions
-- Added test 'lint_cmake' to check CMake code style
-- Added test 'pep257' to check Python code against some of the docstring style conventions in PEP 257
-- Added test 'uncrustify' to check C / C++ code style
-- Configured uncrustify additional arguments: 
-- Added test 'xmllint' to check XML markup files
-- Configuring done
-- Generating done
-- Build files have been written to: /home/yvonne/work/src/build/hiwin_libmodbus
[  7%] [32mBuilding C object CMakeFiles/hiwin_libmodbus.dir/home/yvonne/work/src/Hiwin_libmodbus/libmodbus/src/modbus-rtu.c.o[0m
[ 14%] [32mBuilding CXX object CMakeFiles/hiwin_libmodbus.dir/src/hiwin_libmodbus.cpp.o[0m
[ 21%] [32mBuilding C object CMakeFiles/hiwin_libmodbus.dir/home/yvonne/work/src/Hiwin_libmodbus/libmodbus/src/modbus.c.o[0m
[ 28%] [32mBuilding C object CMakeFiles/hiwin_libmodbus.dir/home/yvonne/work/src/Hiwin_libmodbus/libmodbus/src/modbus-data.c.o[0m
[ 35%] [32mBuilding C object CMakeFiles/hiwin_libmodbus.dir/home/yvonne/work/src/Hiwin_libmodbus/libmodbus/src/modbus-tcp.c.o[0m
[ 35%] Built target ament_cmake_python_copy_hiwin_libmodbus
running egg_info
creating hiwin_libmodbus.egg-info
writing hiwin_libmodbus.egg-info/PKG-INFO
writing dependency_links to hiwin_libmodbus.egg-info/dependency_links.txt
writing top-level names to hiwin_libmodbus.egg-info/top_level.txt
writing manifest file 'hiwin_libmodbus.egg-info/SOURCES.txt'
reading manifest file 'hiwin_libmodbus.egg-info/SOURCES.txt'
writing manifest file 'hiwin_libmodbus.egg-info/SOURCES.txt'
[ 35%] Built target ament_cmake_python_build_hiwin_libmodbus_egg
[ 42%] [32m[1mLinking CXX shared library libhiwin_libmodbus.so[0m
[ 42%] Built target hiwin_libmodbus
[ 50%] [32mBuilding CXX object CMakeFiles/hiwin_libmodbus_ctype_wrapper.dir/src/hiwin_libmodbus_ctype_wrapper.cpp.o[0m
[ 57%] [32mBuilding CXX object CMakeFiles/hiwin_libmodbus_node.dir/src/hiwin_libmodbus_node.cpp.o[0m
[ 64%] [32mBuilding CXX object CMakeFiles/hiwinlibmodbus_server.dir/src/hiwinlibmodbus_server.cpp.o[0m
[ 71%] [32mBuilding CXX object CMakeFiles/hiwinmodbus_server.dir/src/hiwinmodbus_server.cpp.o[0m
[ 78%] [32m[1mLinking CXX executable hiwin_libmodbus_node[0m
[ 78%] Built target hiwin_libmodbus_node
[ 85%] [32m[1mLinking CXX shared library libhiwin_libmodbus_ctype_wrapper.so[0m
[ 85%] Built target hiwin_libmodbus_ctype_wrapper
[ 92%] [32m[1mLinking CXX executable hiwinmodbus_server[0m
[100%] [32m[1mLinking CXX executable hiwinlibmodbus_server[0m
[100%] Built target hiwinmodbus_server
[100%] Built target hiwinlibmodbus_server
-- Install configuration: ""
-- Installing: /home/yvonne/work/src/install/hiwin_libmodbus/include
-- Installing: /home/yvonne/work/src/install/hiwin_libmodbus/include/hiwin_libmodbus
-- Installing: /home/yvonne/work/src/install/hiwin_libmodbus/include/hiwin_libmodbus/hiwin_libmodbus.hpp
-- Installing: /home/yvonne/work/src/install/hiwin_libmodbus/include/hiwin_libmodbus/visibility_control.h
-- Installing: /home/yvonne/work/src/install/hiwin_libmodbus/lib/libhiwin_libmodbus.so
-- Installing: /home/yvonne/work/src/install/hiwin_libmodbus/lib/libhiwin_libmodbus_ctype_wrapper.so
-- Set runtime path of "/home/yvonne/work/src/install/hiwin_libmodbus/lib/libhiwin_libmodbus_ctype_wrapper.so" to ""
-- Installing: /home/yvonne/work/src/install/hiwin_libmodbus/lib/hiwin_libmodbus/hiwinmodbus_server
-- Set runtime path of "/home/yvonne/work/src/install/hiwin_libmodbus/lib/hiwin_libmodbus/hiwinmodbus_server" to ""
-- Installing: /home/yvonne/work/src/install/hiwin_libmodbus/lib/hiwin_libmodbus/hiwinlibmodbus_server
-- Set runtime path of "/home/yvonne/work/src/install/hiwin_libmodbus/lib/hiwin_libmodbus/hiwinlibmodbus_server" to ""
-- Installing: /home/yvonne/work/src/install/hiwin_libmodbus/lib/hiwin_libmodbus/hiwin_libmodbus_node
-- Set runtime path of "/home/yvonne/work/src/install/hiwin_libmodbus/lib/hiwin_libmodbus/hiwin_libmodbus_node" to ""
-- Installing: /home/yvonne/work/src/install/hiwin_libmodbus/share/hiwin_libmodbus/environment/pythonpath.sh
-- Installing: /home/yvonne/work/src/install/hiwin_libmodbus/share/hiwin_libmodbus/environment/pythonpath.dsv
-- Installing: /home/yvonne/work/src/install/hiwin_libmodbus/local/lib/python3.10/dist-packages/hiwin_libmodbus-0.0.0-py3.10.egg-info
-- Installing: /home/yvonne/work/src/install/hiwin_libmodbus/local/lib/python3.10/dist-packages/hiwin_libmodbus-0.0.0-py3.10.egg-info/SOURCES.txt
-- Installing: /home/yvonne/work/src/install/hiwin_libmodbus/local/lib/python3.10/dist-packages/hiwin_libmodbus-0.0.0-py3.10.egg-info/PKG-INFO
-- Installing: /home/yvonne/work/src/install/hiwin_libmodbus/local/lib/python3.10/dist-packages/hiwin_libmodbus-0.0.0-py3.10.egg-info/top_level.txt
-- Installing: /home/yvonne/work/src/install/hiwin_libmodbus/local/lib/python3.10/dist-packages/hiwin_libmodbus-0.0.0-py3.10.egg-info/dependency_links.txt
-- Installing: /home/yvonne/work/src/install/hiwin_libmodbus/local/lib/python3.10/dist-packages/hiwin_libmodbus
-- Installing: /home/yvonne/work/src/install/hiwin_libmodbus/local/lib/python3.10/dist-packages/hiwin_libmodbus/__init__.py
-- Installing: /home/yvonne/work/src/install/hiwin_libmodbus/local/lib/python3.10/dist-packages/hiwin_libmodbus/hiwin_libmodbus.py
Listing '/home/yvonne/work/src/install/hiwin_libmodbus/local/lib/python3.10/dist-packages/hiwin_libmodbus'...
Compiling '/home/yvonne/work/src/install/hiwin_libmodbus/local/lib/python3.10/dist-packages/hiwin_libmodbus/__init__.py'...
Compiling '/home/yvonne/work/src/install/hiwin_libmodbus/local/lib/python3.10/dist-packages/hiwin_libmodbus/hiwin_libmodbus.py'...
-- Installing: /home/yvonne/work/src/install/hiwin_libmodbus/lib/hiwin_libmodbus/Hiwin_API_test.py
-- Installing: /home/yvonne/work/src/install/hiwin_libmodbus/share/hiwin_libmodbus/environment/library_path.sh
-- Installing: /home/yvonne/work/src/install/hiwin_libmodbus/share/hiwin_libmodbus/environment/library_path.dsv
-- Installing: /home/yvonne/work/src/install/hiwin_libmodbus/share/ament_index/resource_index/package_run_dependencies/hiwin_libmodbus
-- Installing: /home/yvonne/work/src/install/hiwin_libmodbus/share/ament_index/resource_index/parent_prefix_path/hiwin_libmodbus
-- Installing: /home/yvonne/work/src/install/hiwin_libmodbus/share/hiwin_libmodbus/environment/ament_prefix_path.sh
-- Installing: /home/yvonne/work/src/install/hiwin_libmodbus/share/hiwin_libmodbus/environment/ament_prefix_path.dsv
-- Installing: /home/yvonne/work/src/install/hiwin_libmodbus/share/hiwin_libmodbus/environment/path.sh
-- Installing: /home/yvonne/work/src/install/hiwin_libmodbus/share/hiwin_libmodbus/environment/path.dsv
-- Installing: /home/yvonne/work/src/install/hiwin_libmodbus/share/hiwin_libmodbus/local_setup.bash
-- Installing: /home/yvonne/work/src/install/hiwin_libmodbus/share/hiwin_libmodbus/local_setup.sh
-- Installing: /home/yvonne/work/src/install/hiwin_libmodbus/share/hiwin_libmodbus/local_setup.zsh
-- Installing: /home/yvonne/work/src/install/hiwin_libmodbus/share/hiwin_libmodbus/local_setup.dsv
-- Installing: /home/yvonne/work/src/install/hiwin_libmodbus/share/hiwin_libmodbus/package.dsv
-- Installing: /home/yvonne/work/src/install/hiwin_libmodbus/share/ament_index/resource_index/packages/hiwin_libmodbus
-- Installing: /home/yvonne/work/src/install/hiwin_libmodbus/share/hiwin_libmodbus/cmake/export_hiwin_libmodbusExport.cmake
-- Installing: /home/yvonne/work/src/install/hiwin_libmodbus/share/hiwin_libmodbus/cmake/export_hiwin_libmodbusExport-noconfig.cmake
-- Installing: /home/yvonne/work/src/install/hiwin_libmodbus/share/hiwin_libmodbus/cmake/ament_cmake_export_include_directories-extras.cmake
-- Installing: /home/yvonne/work/src/install/hiwin_libmodbus/share/hiwin_libmodbus/cmake/ament_cmake_export_libraries-extras.cmake
-- Installing: /home/yvonne/work/src/install/hiwin_libmodbus/share/hiwin_libmodbus/cmake/ament_cmake_export_targets-extras.cmake
-- Installing: /home/yvonne/work/src/install/hiwin_libmodbus/share/hiwin_libmodbus/cmake/hiwin_libmodbusConfig.cmake
-- Installing: /home/yvonne/work/src/install/hiwin_libmodbus/share/hiwin_libmodbus/cmake/hiwin_libmodbusConfig-version.cmake
-- Installing: /home/yvonne/work/src/install/hiwin_libmodbus/share/hiwin_libmodbus/package.xml
