-- The C compiler identification is GNU 11.4.0
-- The CXX compiler identification is GNU 11.4.0
-- Detecting C compiler ABI info
-- Detecting C compiler ABI info - done
-- Check for working C compiler: /usr/bin/cc - skipped
-- Detecting C compile features
-- Detecting C compile features - done
-- Detecting CXX compiler ABI info
-- Detecting CXX compiler ABI info - done
-- Check for working CXX compiler: /usr/bin/c++ - skipped
-- Detecting CXX compile features
-- Detecting CXX compile features - done
-- Found ament_cmake: 1.3.8 (/opt/ros/humble/share/ament_cmake/cmake)
-- Found Python3: /usr/bin/python3 (found version "3.10.12") found components: Interpreter 
-- Found geometry_msgs: 4.2.3 (/opt/ros/humble/share/geometry_msgs/cmake)
-- Found rosidl_generator_c: 3.1.5 (/opt/ros/humble/share/rosidl_generator_c/cmake)
-- Found rosidl_adapter: 3.1.5 (/opt/ros/humble/share/rosidl_adapter/cmake)
-- Found rosidl_generator_cpp: 3.1.5 (/opt/ros/humble/share/rosidl_generator_cpp/cmake)
-- Using all available rosidl_typesupport_c: rosidl_typesupport_fastrtps_c;rosidl_typesupport_introspection_c
-- Using all available rosidl_typesupport_cpp: rosidl_typesupport_fastrtps_cpp;rosidl_typesupport_introspection_cpp
-- Found rosidl_default_generators: 1.2.0 (/opt/ros/humble/share/rosidl_default_generators/cmake)
-- Found ament_cmake_ros: 0.10.0 (/opt/ros/humble/share/ament_cmake_ros/cmake)
-- Using all available rosidl_typesupport_c: rosidl_typesupport_fastrtps_c;rosidl_typesupport_introspection_c
-- Using all available rosidl_typesupport_cpp: rosidl_typesupport_fastrtps_cpp;rosidl_typesupport_introspection_cpp
-- Found PythonInterp: /usr/bin/python3 (found suitable version "3.10.12", minimum required is "3.6") 
-- Found python_cmake_module: 0.10.0 (/opt/ros/humble/share/python_cmake_module/cmake)
-- Found PythonLibs: /usr/lib/x86_64-linux-gnu/libpython3.10.so (found suitable version "3.10.12", minimum required is "3.5") 
-- Using PYTHON_EXECUTABLE: /usr/bin/python3
-- Using PYTHON_INCLUDE_DIRS: /usr/include/python3.10
-- Using PYTHON_LIBRARIES: /usr/lib/x86_64-linux-gnu/libpython3.10.so
-- Found PythonExtra: .so  
-- Using numpy include directory: /usr/local/lib/python3.10/dist-packages/numpy/core/include
-- Found ament_lint_auto: 0.12.10 (/opt/ros/humble/share/ament_lint_auto/cmake)
-- Added test 'lint_cmake' to check CMake code style
-- Added test 'xmllint' to check XML markup files
-- Configuring done
-- Generating done
-- Build files have been written to: /home/yvonne/work/src/build/detect_interface
[  2%] [34m[1mGenerating C code for ROS interfaces[0m
[  5%] [34m[1mGenerating C++ code for ROS interfaces[0m
[  5%] Built target ament_cmake_python_copy_detect_interface
running egg_info
creating detect_interface.egg-info
writing detect_interface.egg-info/PKG-INFO
writing dependency_links to detect_interface.egg-info/dependency_links.txt
writing top-level names to detect_interface.egg-info/top_level.txt
writing manifest file 'detect_interface.egg-info/SOURCES.txt'
reading manifest file 'detect_interface.egg-info/SOURCES.txt'
writing manifest file 'detect_interface.egg-info/SOURCES.txt'
[  5%] Built target ament_cmake_python_build_detect_interface_egg
[  5%] Built target detect_interface__cpp
[  7%] [34m[1mGenerating C++ type support dispatch for ROS interfaces[0m
[ 12%] [34m[1mGenerating C++ type support for eProsima Fast-RTPS[0m
[ 12%] [34m[1mGenerating C++ introspection for ROS interfaces[0m
[ 15%] [32mBuilding C object CMakeFiles/detect_interface__rosidl_generator_c.dir/rosidl_generator_c/detect_interface/msg/detail/bounding_box__functions.c.o[0m
[ 17%] [32mBuilding C object CMakeFiles/detect_interface__rosidl_generator_c.dir/rosidl_generator_c/detect_interface/msg/detail/detection_results__functions.c.o[0m
[ 20%] [32m[1mLinking C shared library libdetect_interface__rosidl_generator_c.so[0m
[ 20%] Built target detect_interface__rosidl_generator_c
[ 25%] [34m[1mGenerating C type support for eProsima Fast-RTPS[0m
[ 25%] [34m[1mGenerating C type support dispatch for ROS interfaces[0m
[ 28%] [34m[1mGenerating C introspection for ROS interfaces[0m
[ 33%] [32mBuilding CXX object CMakeFiles/detect_interface__rosidl_typesupport_cpp.dir/rosidl_typesupport_cpp/detect_interface/msg/detection_results__type_support.cpp.o[0m
[ 33%] [32mBuilding CXX object CMakeFiles/detect_interface__rosidl_typesupport_cpp.dir/rosidl_typesupport_cpp/detect_interface/msg/bounding_box__type_support.cpp.o[0m
[ 35%] [32mBuilding CXX object CMakeFiles/detect_interface__rosidl_typesupport_introspection_cpp.dir/rosidl_typesupport_introspection_cpp/detect_interface/msg/detail/bounding_box__type_support.cpp.o[0m
[ 38%] [32mBuilding CXX object CMakeFiles/detect_interface__rosidl_typesupport_introspection_cpp.dir/rosidl_typesupport_introspection_cpp/detect_interface/msg/detail/detection_results__type_support.cpp.o[0m
[ 41%] [32mBuilding CXX object CMakeFiles/detect_interface__rosidl_typesupport_fastrtps_cpp.dir/rosidl_typesupport_fastrtps_cpp/detect_interface/msg/detail/dds_fastrtps/bounding_box__type_support.cpp.o[0m
[ 43%] [32mBuilding CXX object CMakeFiles/detect_interface__rosidl_typesupport_fastrtps_cpp.dir/rosidl_typesupport_fastrtps_cpp/detect_interface/msg/detail/dds_fastrtps/detection_results__type_support.cpp.o[0m
[ 46%] [32m[1mLinking CXX shared library libdetect_interface__rosidl_typesupport_cpp.so[0m
[ 48%] [32mBuilding CXX object CMakeFiles/detect_interface__rosidl_typesupport_fastrtps_c.dir/rosidl_typesupport_fastrtps_c/detect_interface/msg/detail/detection_results__type_support_c.cpp.o[0m
[ 53%] [32mBuilding C object CMakeFiles/detect_interface__rosidl_typesupport_introspection_c.dir/rosidl_typesupport_introspection_c/detect_interface/msg/detail/bounding_box__type_support.c.o[0m
[ 51%] [32mBuilding CXX object CMakeFiles/detect_interface__rosidl_typesupport_fastrtps_c.dir/rosidl_typesupport_fastrtps_c/detect_interface/msg/detail/bounding_box__type_support_c.cpp.o[0m
[ 56%] [32mBuilding C object CMakeFiles/detect_interface__rosidl_typesupport_introspection_c.dir/rosidl_typesupport_introspection_c/detect_interface/msg/detail/detection_results__type_support.c.o[0m
[ 58%] [32mBuilding CXX object CMakeFiles/detect_interface__rosidl_typesupport_c.dir/rosidl_typesupport_c/detect_interface/msg/detection_results__type_support.cpp.o[0m
[ 61%] [32mBuilding CXX object CMakeFiles/detect_interface__rosidl_typesupport_c.dir/rosidl_typesupport_c/detect_interface/msg/bounding_box__type_support.cpp.o[0m
[ 64%] [32m[1mLinking C shared library libdetect_interface__rosidl_typesupport_introspection_c.so[0m
[ 64%] Built target detect_interface__rosidl_typesupport_cpp
[ 66%] [32m[1mLinking CXX shared library libdetect_interface__rosidl_typesupport_c.so[0m
[ 66%] Built target detect_interface__rosidl_typesupport_introspection_c
[ 66%] Built target detect_interface__rosidl_typesupport_c
[ 69%] [32m[1mLinking CXX shared library libdetect_interface__rosidl_typesupport_introspection_cpp.so[0m
[ 69%] Built target detect_interface__rosidl_typesupport_introspection_cpp
[ 71%] [32m[1mLinking CXX shared library libdetect_interface__rosidl_typesupport_fastrtps_c.so[0m
[ 74%] [32m[1mLinking CXX shared library libdetect_interface__rosidl_typesupport_fastrtps_cpp.so[0m
[ 74%] Built target detect_interface__rosidl_typesupport_fastrtps_c
[ 74%] Built target detect_interface__rosidl_typesupport_fastrtps_cpp
[ 74%] Built target detect_interface
[ 76%] [34m[1mGenerating Python code for ROS interfaces[0m
[ 76%] Built target detect_interface__py
[ 82%] [32mBuilding C object CMakeFiles/detect_interface__rosidl_generator_py.dir/rosidl_generator_py/detect_interface/msg/_detection_results_s.c.o[0m
[ 82%] [32mBuilding C object CMakeFiles/detect_interface__rosidl_generator_py.dir/rosidl_generator_py/detect_interface/msg/_bounding_box_s.c.o[0m
[ 84%] [32m[1mLinking C shared library rosidl_generator_py/detect_interface/libdetect_interface__rosidl_generator_py.so[0m
[ 84%] Built target detect_interface__rosidl_generator_py
[ 87%] [32mBuilding C object CMakeFiles/detect_interface__rosidl_typesupport_fastrtps_c__pyext.dir/rosidl_generator_py/detect_interface/_detect_interface_s.ep.rosidl_typesupport_fastrtps_c.c.o[0m
[ 89%] [32mBuilding C object CMakeFiles/detect_interface__rosidl_typesupport_introspection_c__pyext.dir/rosidl_generator_py/detect_interface/_detect_interface_s.ep.rosidl_typesupport_introspection_c.c.o[0m
[ 92%] [32mBuilding C object CMakeFiles/detect_interface__rosidl_typesupport_c__pyext.dir/rosidl_generator_py/detect_interface/_detect_interface_s.ep.rosidl_typesupport_c.c.o[0m
[ 94%] [32m[1mLinking C shared library rosidl_generator_py/detect_interface/detect_interface_s__rosidl_typesupport_introspection_c.cpython-310-x86_64-linux-gnu.so[0m
[ 97%] [32m[1mLinking C shared library rosidl_generator_py/detect_interface/detect_interface_s__rosidl_typesupport_c.cpython-310-x86_64-linux-gnu.so[0m
[100%] [32m[1mLinking C shared library rosidl_generator_py/detect_interface/detect_interface_s__rosidl_typesupport_fastrtps_c.cpython-310-x86_64-linux-gnu.so[0m
[100%] Built target detect_interface__rosidl_typesupport_introspection_c__pyext
[100%] Built target detect_interface__rosidl_typesupport_fastrtps_c__pyext
[100%] Built target detect_interface__rosidl_typesupport_c__pyext
-- Install configuration: ""
-- Installing: /home/yvonne/work/src/install/detect_interface/share/ament_index/resource_index/rosidl_interfaces/detect_interface
-- Installing: /home/yvonne/work/src/install/detect_interface/include/detect_interface/detect_interface
-- Installing: /home/yvonne/work/src/install/detect_interface/include/detect_interface/detect_interface/msg
-- Installing: /home/yvonne/work/src/install/detect_interface/include/detect_interface/detect_interface/msg/detail
-- Installing: /home/yvonne/work/src/install/detect_interface/include/detect_interface/detect_interface/msg/detail/bounding_box__type_support.h
-- Installing: /home/yvonne/work/src/install/detect_interface/include/detect_interface/detect_interface/msg/detail/detection_results__struct.h
-- Installing: /home/yvonne/work/src/install/detect_interface/include/detect_interface/detect_interface/msg/detail/bounding_box__functions.c
-- Installing: /home/yvonne/work/src/install/detect_interface/include/detect_interface/detect_interface/msg/detail/detection_results__functions.h
-- Installing: /home/yvonne/work/src/install/detect_interface/include/detect_interface/detect_interface/msg/detail/detection_results__type_support.h
-- Installing: /home/yvonne/work/src/install/detect_interface/include/detect_interface/detect_interface/msg/detail/bounding_box__functions.h
-- Installing: /home/yvonne/work/src/install/detect_interface/include/detect_interface/detect_interface/msg/detail/bounding_box__struct.h
-- Installing: /home/yvonne/work/src/install/detect_interface/include/detect_interface/detect_interface/msg/detail/detection_results__functions.c
-- Installing: /home/yvonne/work/src/install/detect_interface/include/detect_interface/detect_interface/msg/bounding_box.h
-- Installing: /home/yvonne/work/src/install/detect_interface/include/detect_interface/detect_interface/msg/detection_results.h
-- Installing: /home/yvonne/work/src/install/detect_interface/include/detect_interface/detect_interface/msg/rosidl_generator_c__visibility_control.h
-- Installing: /home/yvonne/work/src/install/detect_interface/share/detect_interface/environment/library_path.sh
-- Installing: /home/yvonne/work/src/install/detect_interface/share/detect_interface/environment/library_path.dsv
-- Installing: /home/yvonne/work/src/install/detect_interface/lib/libdetect_interface__rosidl_generator_c.so
-- Set runtime path of "/home/yvonne/work/src/install/detect_interface/lib/libdetect_interface__rosidl_generator_c.so" to ""
-- Up-to-date: /home/yvonne/work/src/install/detect_interface/include/detect_interface/detect_interface
-- Up-to-date: /home/yvonne/work/src/install/detect_interface/include/detect_interface/detect_interface/msg
-- Up-to-date: /home/yvonne/work/src/install/detect_interface/include/detect_interface/detect_interface/msg/detail
-- Installing: /home/yvonne/work/src/install/detect_interface/include/detect_interface/detect_interface/msg/detail/detection_results__rosidl_typesupport_fastrtps_c.h
-- Installing: /home/yvonne/work/src/install/detect_interface/include/detect_interface/detect_interface/msg/detail/bounding_box__rosidl_typesupport_fastrtps_c.h
-- Installing: /home/yvonne/work/src/install/detect_interface/include/detect_interface/detect_interface/msg/rosidl_typesupport_fastrtps_c__visibility_control.h
-- Installing: /home/yvonne/work/src/install/detect_interface/lib/libdetect_interface__rosidl_typesupport_fastrtps_c.so
-- Set runtime path of "/home/yvonne/work/src/install/detect_interface/lib/libdetect_interface__rosidl_typesupport_fastrtps_c.so" to ""
-- Up-to-date: /home/yvonne/work/src/install/detect_interface/include/detect_interface/detect_interface
-- Up-to-date: /home/yvonne/work/src/install/detect_interface/include/detect_interface/detect_interface/msg
-- Up-to-date: /home/yvonne/work/src/install/detect_interface/include/detect_interface/detect_interface/msg/detail
-- Installing: /home/yvonne/work/src/install/detect_interface/include/detect_interface/detect_interface/msg/detail/bounding_box__traits.hpp
-- Installing: /home/yvonne/work/src/install/detect_interface/include/detect_interface/detect_interface/msg/detail/detection_results__builder.hpp
-- Installing: /home/yvonne/work/src/install/detect_interface/include/detect_interface/detect_interface/msg/detail/bounding_box__builder.hpp
-- Installing: /home/yvonne/work/src/install/detect_interface/include/detect_interface/detect_interface/msg/detail/detection_results__traits.hpp
-- Installing: /home/yvonne/work/src/install/detect_interface/include/detect_interface/detect_interface/msg/detail/detection_results__struct.hpp
-- Installing: /home/yvonne/work/src/install/detect_interface/include/detect_interface/detect_interface/msg/detail/bounding_box__struct.hpp
-- Installing: /home/yvonne/work/src/install/detect_interface/include/detect_interface/detect_interface/msg/detection_results.hpp
-- Installing: /home/yvonne/work/src/install/detect_interface/include/detect_interface/detect_interface/msg/bounding_box.hpp
-- Up-to-date: /home/yvonne/work/src/install/detect_interface/include/detect_interface/detect_interface
-- Up-to-date: /home/yvonne/work/src/install/detect_interface/include/detect_interface/detect_interface/msg
-- Up-to-date: /home/yvonne/work/src/install/detect_interface/include/detect_interface/detect_interface/msg/detail
-- Installing: /home/yvonne/work/src/install/detect_interface/include/detect_interface/detect_interface/msg/detail/dds_fastrtps
-- Installing: /home/yvonne/work/src/install/detect_interface/include/detect_interface/detect_interface/msg/detail/detection_results__rosidl_typesupport_fastrtps_cpp.hpp
-- Installing: /home/yvonne/work/src/install/detect_interface/include/detect_interface/detect_interface/msg/detail/bounding_box__rosidl_typesupport_fastrtps_cpp.hpp
-- Installing: /home/yvonne/work/src/install/detect_interface/include/detect_interface/detect_interface/msg/rosidl_typesupport_fastrtps_cpp__visibility_control.h
-- Installing: /home/yvonne/work/src/install/detect_interface/lib/libdetect_interface__rosidl_typesupport_fastrtps_cpp.so
-- Set runtime path of "/home/yvonne/work/src/install/detect_interface/lib/libdetect_interface__rosidl_typesupport_fastrtps_cpp.so" to ""
-- Up-to-date: /home/yvonne/work/src/install/detect_interface/include/detect_interface/detect_interface
-- Up-to-date: /home/yvonne/work/src/install/detect_interface/include/detect_interface/detect_interface/msg
-- Up-to-date: /home/yvonne/work/src/install/detect_interface/include/detect_interface/detect_interface/msg/detail
-- Installing: /home/yvonne/work/src/install/detect_interface/include/detect_interface/detect_interface/msg/detail/detection_results__rosidl_typesupport_introspection_c.h
-- Installing: /home/yvonne/work/src/install/detect_interface/include/detect_interface/detect_interface/msg/detail/bounding_box__rosidl_typesupport_introspection_c.h
-- Installing: /home/yvonne/work/src/install/detect_interface/include/detect_interface/detect_interface/msg/detail/detection_results__type_support.c
-- Installing: /home/yvonne/work/src/install/detect_interface/include/detect_interface/detect_interface/msg/detail/bounding_box__type_support.c
-- Installing: /home/yvonne/work/src/install/detect_interface/include/detect_interface/detect_interface/msg/rosidl_typesupport_introspection_c__visibility_control.h
-- Installing: /home/yvonne/work/src/install/detect_interface/lib/libdetect_interface__rosidl_typesupport_introspection_c.so
-- Set runtime path of "/home/yvonne/work/src/install/detect_interface/lib/libdetect_interface__rosidl_typesupport_introspection_c.so" to ""
-- Installing: /home/yvonne/work/src/install/detect_interface/lib/libdetect_interface__rosidl_typesupport_c.so
-- Set runtime path of "/home/yvonne/work/src/install/detect_interface/lib/libdetect_interface__rosidl_typesupport_c.so" to ""
-- Up-to-date: /home/yvonne/work/src/install/detect_interface/include/detect_interface/detect_interface
-- Up-to-date: /home/yvonne/work/src/install/detect_interface/include/detect_interface/detect_interface/msg
-- Up-to-date: /home/yvonne/work/src/install/detect_interface/include/detect_interface/detect_interface/msg/detail
-- Installing: /home/yvonne/work/src/install/detect_interface/include/detect_interface/detect_interface/msg/detail/detection_results__type_support.cpp
-- Installing: /home/yvonne/work/src/install/detect_interface/include/detect_interface/detect_interface/msg/detail/bounding_box__rosidl_typesupport_introspection_cpp.hpp
-- Installing: /home/yvonne/work/src/install/detect_interface/include/detect_interface/detect_interface/msg/detail/detection_results__rosidl_typesupport_introspection_cpp.hpp
-- Installing: /home/yvonne/work/src/install/detect_interface/include/detect_interface/detect_interface/msg/detail/bounding_box__type_support.cpp
-- Installing: /home/yvonne/work/src/install/detect_interface/lib/libdetect_interface__rosidl_typesupport_introspection_cpp.so
-- Set runtime path of "/home/yvonne/work/src/install/detect_interface/lib/libdetect_interface__rosidl_typesupport_introspection_cpp.so" to ""
-- Installing: /home/yvonne/work/src/install/detect_interface/lib/libdetect_interface__rosidl_typesupport_cpp.so
-- Set runtime path of "/home/yvonne/work/src/install/detect_interface/lib/libdetect_interface__rosidl_typesupport_cpp.so" to ""
-- Installing: /home/yvonne/work/src/install/detect_interface/share/detect_interface/environment/pythonpath.sh
-- Installing: /home/yvonne/work/src/install/detect_interface/share/detect_interface/environment/pythonpath.dsv
-- Installing: /home/yvonne/work/src/install/detect_interface/local/lib/python3.10/dist-packages/detect_interface-0.0.0-py3.10.egg-info
-- Installing: /home/yvonne/work/src/install/detect_interface/local/lib/python3.10/dist-packages/detect_interface-0.0.0-py3.10.egg-info/SOURCES.txt
-- Installing: /home/yvonne/work/src/install/detect_interface/local/lib/python3.10/dist-packages/detect_interface-0.0.0-py3.10.egg-info/PKG-INFO
-- Installing: /home/yvonne/work/src/install/detect_interface/local/lib/python3.10/dist-packages/detect_interface-0.0.0-py3.10.egg-info/top_level.txt
-- Installing: /home/yvonne/work/src/install/detect_interface/local/lib/python3.10/dist-packages/detect_interface-0.0.0-py3.10.egg-info/dependency_links.txt
-- Installing: /home/yvonne/work/src/install/detect_interface/local/lib/python3.10/dist-packages/detect_interface
-- Installing: /home/yvonne/work/src/install/detect_interface/local/lib/python3.10/dist-packages/detect_interface/__init__.py
-- Installing: /home/yvonne/work/src/install/detect_interface/local/lib/python3.10/dist-packages/detect_interface/detect_interface_s__rosidl_typesupport_introspection_c.cpython-310-x86_64-linux-gnu.so
-- Installing: /home/yvonne/work/src/install/detect_interface/local/lib/python3.10/dist-packages/detect_interface/_detect_interface_s.ep.rosidl_typesupport_introspection_c.c
-- Installing: /home/yvonne/work/src/install/detect_interface/local/lib/python3.10/dist-packages/detect_interface/detect_interface_s__rosidl_typesupport_c.cpython-310-x86_64-linux-gnu.so
-- Installing: /home/yvonne/work/src/install/detect_interface/local/lib/python3.10/dist-packages/detect_interface/_detect_interface_s.ep.rosidl_typesupport_c.c
-- Installing: /home/yvonne/work/src/install/detect_interface/local/lib/python3.10/dist-packages/detect_interface/_detect_interface_s.ep.rosidl_typesupport_fastrtps_c.c
-- Installing: /home/yvonne/work/src/install/detect_interface/local/lib/python3.10/dist-packages/detect_interface/detect_interface_s__rosidl_typesupport_fastrtps_c.cpython-310-x86_64-linux-gnu.so
-- Installing: /home/yvonne/work/src/install/detect_interface/local/lib/python3.10/dist-packages/detect_interface/msg
-- Installing: /home/yvonne/work/src/install/detect_interface/local/lib/python3.10/dist-packages/detect_interface/msg/__init__.py
-- Installing: /home/yvonne/work/src/install/detect_interface/local/lib/python3.10/dist-packages/detect_interface/msg/_bounding_box.py
-- Installing: /home/yvonne/work/src/install/detect_interface/local/lib/python3.10/dist-packages/detect_interface/msg/_detection_results_s.c
-- Installing: /home/yvonne/work/src/install/detect_interface/local/lib/python3.10/dist-packages/detect_interface/msg/_detection_results.py
-- Installing: /home/yvonne/work/src/install/detect_interface/local/lib/python3.10/dist-packages/detect_interface/msg/_bounding_box_s.c
-- Installing: /home/yvonne/work/src/install/detect_interface/local/lib/python3.10/dist-packages/detect_interface/libdetect_interface__rosidl_generator_py.so
Listing '/home/yvonne/work/src/install/detect_interface/local/lib/python3.10/dist-packages/detect_interface'...
Compiling '/home/yvonne/work/src/install/detect_interface/local/lib/python3.10/dist-packages/detect_interface/__init__.py'...
Listing '/home/yvonne/work/src/install/detect_interface/local/lib/python3.10/dist-packages/detect_interface/msg'...
Compiling '/home/yvonne/work/src/install/detect_interface/local/lib/python3.10/dist-packages/detect_interface/msg/__init__.py'...
Compiling '/home/yvonne/work/src/install/detect_interface/local/lib/python3.10/dist-packages/detect_interface/msg/_bounding_box.py'...
Compiling '/home/yvonne/work/src/install/detect_interface/local/lib/python3.10/dist-packages/detect_interface/msg/_detection_results.py'...
-- Installing: /home/yvonne/work/src/install/detect_interface/local/lib/python3.10/dist-packages/detect_interface/detect_interface_s__rosidl_typesupport_fastrtps_c.cpython-310-x86_64-linux-gnu.so
-- Set runtime path of "/home/yvonne/work/src/install/detect_interface/local/lib/python3.10/dist-packages/detect_interface/detect_interface_s__rosidl_typesupport_fastrtps_c.cpython-310-x86_64-linux-gnu.so" to ""
-- Installing: /home/yvonne/work/src/install/detect_interface/local/lib/python3.10/dist-packages/detect_interface/detect_interface_s__rosidl_typesupport_introspection_c.cpython-310-x86_64-linux-gnu.so
-- Set runtime path of "/home/yvonne/work/src/install/detect_interface/local/lib/python3.10/dist-packages/detect_interface/detect_interface_s__rosidl_typesupport_introspection_c.cpython-310-x86_64-linux-gnu.so" to ""
-- Installing: /home/yvonne/work/src/install/detect_interface/local/lib/python3.10/dist-packages/detect_interface/detect_interface_s__rosidl_typesupport_c.cpython-310-x86_64-linux-gnu.so
-- Set runtime path of "/home/yvonne/work/src/install/detect_interface/local/lib/python3.10/dist-packages/detect_interface/detect_interface_s__rosidl_typesupport_c.cpython-310-x86_64-linux-gnu.so" to ""
-- Installing: /home/yvonne/work/src/install/detect_interface/lib/libdetect_interface__rosidl_generator_py.so
-- Set runtime path of "/home/yvonne/work/src/install/detect_interface/lib/libdetect_interface__rosidl_generator_py.so" to ""
-- Installing: /home/yvonne/work/src/install/detect_interface/share/detect_interface/msg/DetectionResults.idl
-- Installing: /home/yvonne/work/src/install/detect_interface/share/detect_interface/msg/BoundingBox.idl
-- Installing: /home/yvonne/work/src/install/detect_interface/share/detect_interface/msg/DetectionResults.msg
-- Installing: /home/yvonne/work/src/install/detect_interface/share/detect_interface/msg/BoundingBox.msg
-- Installing: /home/yvonne/work/src/install/detect_interface/share/ament_index/resource_index/package_run_dependencies/detect_interface
-- Installing: /home/yvonne/work/src/install/detect_interface/share/ament_index/resource_index/parent_prefix_path/detect_interface
-- Installing: /home/yvonne/work/src/install/detect_interface/share/detect_interface/environment/ament_prefix_path.sh
-- Installing: /home/yvonne/work/src/install/detect_interface/share/detect_interface/environment/ament_prefix_path.dsv
-- Installing: /home/yvonne/work/src/install/detect_interface/share/detect_interface/environment/path.sh
-- Installing: /home/yvonne/work/src/install/detect_interface/share/detect_interface/environment/path.dsv
-- Installing: /home/yvonne/work/src/install/detect_interface/share/detect_interface/local_setup.bash
-- Installing: /home/yvonne/work/src/install/detect_interface/share/detect_interface/local_setup.sh
-- Installing: /home/yvonne/work/src/install/detect_interface/share/detect_interface/local_setup.zsh
-- Installing: /home/yvonne/work/src/install/detect_interface/share/detect_interface/local_setup.dsv
-- Installing: /home/yvonne/work/src/install/detect_interface/share/detect_interface/package.dsv
-- Installing: /home/yvonne/work/src/install/detect_interface/share/ament_index/resource_index/packages/detect_interface
-- Installing: /home/yvonne/work/src/install/detect_interface/share/detect_interface/cmake/export_detect_interface__rosidl_generator_cExport.cmake
-- Installing: /home/yvonne/work/src/install/detect_interface/share/detect_interface/cmake/export_detect_interface__rosidl_generator_cExport-noconfig.cmake
-- Installing: /home/yvonne/work/src/install/detect_interface/share/detect_interface/cmake/export_detect_interface__rosidl_typesupport_fastrtps_cExport.cmake
-- Installing: /home/yvonne/work/src/install/detect_interface/share/detect_interface/cmake/export_detect_interface__rosidl_typesupport_fastrtps_cExport-noconfig.cmake
-- Installing: /home/yvonne/work/src/install/detect_interface/share/detect_interface/cmake/export_detect_interface__rosidl_generator_cppExport.cmake
-- Installing: /home/yvonne/work/src/install/detect_interface/share/detect_interface/cmake/export_detect_interface__rosidl_typesupport_fastrtps_cppExport.cmake
-- Installing: /home/yvonne/work/src/install/detect_interface/share/detect_interface/cmake/export_detect_interface__rosidl_typesupport_fastrtps_cppExport-noconfig.cmake
-- Installing: /home/yvonne/work/src/install/detect_interface/share/detect_interface/cmake/detect_interface__rosidl_typesupport_introspection_cExport.cmake
-- Installing: /home/yvonne/work/src/install/detect_interface/share/detect_interface/cmake/detect_interface__rosidl_typesupport_introspection_cExport-noconfig.cmake
-- Installing: /home/yvonne/work/src/install/detect_interface/share/detect_interface/cmake/detect_interface__rosidl_typesupport_cExport.cmake
-- Installing: /home/yvonne/work/src/install/detect_interface/share/detect_interface/cmake/detect_interface__rosidl_typesupport_cExport-noconfig.cmake
-- Installing: /home/yvonne/work/src/install/detect_interface/share/detect_interface/cmake/detect_interface__rosidl_typesupport_introspection_cppExport.cmake
-- Installing: /home/yvonne/work/src/install/detect_interface/share/detect_interface/cmake/detect_interface__rosidl_typesupport_introspection_cppExport-noconfig.cmake
-- Installing: /home/yvonne/work/src/install/detect_interface/share/detect_interface/cmake/detect_interface__rosidl_typesupport_cppExport.cmake
-- Installing: /home/yvonne/work/src/install/detect_interface/share/detect_interface/cmake/detect_interface__rosidl_typesupport_cppExport-noconfig.cmake
-- Installing: /home/yvonne/work/src/install/detect_interface/share/detect_interface/cmake/export_detect_interface__rosidl_generator_pyExport.cmake
-- Installing: /home/yvonne/work/src/install/detect_interface/share/detect_interface/cmake/export_detect_interface__rosidl_generator_pyExport-noconfig.cmake
-- Installing: /home/yvonne/work/src/install/detect_interface/share/detect_interface/cmake/rosidl_cmake-extras.cmake
-- Installing: /home/yvonne/work/src/install/detect_interface/share/detect_interface/cmake/ament_cmake_export_dependencies-extras.cmake
-- Installing: /home/yvonne/work/src/install/detect_interface/share/detect_interface/cmake/ament_cmake_export_include_directories-extras.cmake
-- Installing: /home/yvonne/work/src/install/detect_interface/share/detect_interface/cmake/ament_cmake_export_libraries-extras.cmake
-- Installing: /home/yvonne/work/src/install/detect_interface/share/detect_interface/cmake/ament_cmake_export_targets-extras.cmake
-- Installing: /home/yvonne/work/src/install/detect_interface/share/detect_interface/cmake/rosidl_cmake_export_typesupport_targets-extras.cmake
-- Installing: /home/yvonne/work/src/install/detect_interface/share/detect_interface/cmake/rosidl_cmake_export_typesupport_libraries-extras.cmake
-- Installing: /home/yvonne/work/src/install/detect_interface/share/detect_interface/cmake/detect_interfaceConfig.cmake
-- Installing: /home/yvonne/work/src/install/detect_interface/share/detect_interface/cmake/detect_interfaceConfig-version.cmake
-- Installing: /home/yvonne/work/src/install/detect_interface/share/detect_interface/package.xml
