[0.012s] Invoking command in '/home/yvonne/work/src/build/detect_interface': CMAKE_PREFIX_PATH=/opt/ros/humble /usr/bin/cmake /home/yvonne/work/src/pool/detect/detect_interface -DCMAKE_INSTALL_PREFIX=/home/yvonne/work/src/install/detect_interface
[0.049s] -- The C compiler identification is GNU 11.4.0
[0.087s] -- The CXX compiler identification is GNU 11.4.0
[0.091s] -- Detecting C compiler ABI info
[0.133s] -- Detecting C compiler ABI info - done
[0.139s] -- Check for working C compiler: /usr/bin/cc - skipped
[0.139s] -- Detecting C compile features
[0.139s] -- Detecting C compile features - done
[0.141s] -- Detecting CXX compiler ABI info
[0.188s] -- Detecting CXX compiler ABI info - done
[0.192s] -- Check for working CXX compiler: /usr/bin/c++ - skipped
[0.193s] -- Detecting CXX compile features
[0.193s] -- Detecting CXX compile features - done
[0.195s] -- Found ament_cmake: 1.3.8 (/opt/ros/humble/share/ament_cmake/cmake)
[0.291s] -- Found Python3: /usr/bin/python3 (found version "3.10.12") found components: Interpreter 
[0.351s] -- Found geometry_msgs: 4.2.3 (/opt/ros/humble/share/geometry_msgs/cmake)
[0.374s] -- Found rosidl_generator_c: 3.1.5 (/opt/ros/humble/share/rosidl_generator_c/cmake)
[0.377s] -- Found rosidl_adapter: 3.1.5 (/opt/ros/humble/share/rosidl_adapter/cmake)
[0.384s] -- Found rosidl_generator_cpp: 3.1.5 (/opt/ros/humble/share/rosidl_generator_cpp/cmake)
[0.391s] -- Using all available rosidl_typesupport_c: rosidl_typesupport_fastrtps_c;rosidl_typesupport_introspection_c
[0.403s] -- Using all available rosidl_typesupport_cpp: rosidl_typesupport_fastrtps_cpp;rosidl_typesupport_introspection_cpp
[0.477s] -- Found rosidl_default_generators: 1.2.0 (/opt/ros/humble/share/rosidl_default_generators/cmake)
[0.668s] -- Found ament_cmake_ros: 0.10.0 (/opt/ros/humble/share/ament_cmake_ros/cmake)
[0.918s] -- Using all available rosidl_typesupport_c: rosidl_typesupport_fastrtps_c;rosidl_typesupport_introspection_c
[1.025s] -- Using all available rosidl_typesupport_cpp: rosidl_typesupport_fastrtps_cpp;rosidl_typesupport_introspection_cpp
[1.042s] -- Found PythonInterp: /usr/bin/python3 (found suitable version "3.10.12", minimum required is "3.6") 
[1.043s] -- Found python_cmake_module: 0.10.0 (/opt/ros/humble/share/python_cmake_module/cmake)
[1.062s] -- Found PythonLibs: /usr/lib/x86_64-linux-gnu/libpython3.10.so (found suitable version "3.10.12", minimum required is "3.5") 
[1.062s] -- Using PYTHON_EXECUTABLE: /usr/bin/python3
[1.062s] -- Using PYTHON_INCLUDE_DIRS: /usr/include/python3.10
[1.062s] -- Using PYTHON_LIBRARIES: /usr/lib/x86_64-linux-gnu/libpython3.10.so
[1.078s] -- Found PythonExtra: .so  
[1.242s] -- Using numpy include directory: /usr/local/lib/python3.10/dist-packages/numpy/core/include
[1.254s] -- Found ament_lint_auto: 0.12.10 (/opt/ros/humble/share/ament_lint_auto/cmake)
[1.275s] -- Added test 'lint_cmake' to check CMake code style
[1.276s] -- Added test 'xmllint' to check XML markup files
[1.277s] -- Configuring done
[1.299s] -- Generating done
[1.301s] -- Build files have been written to: /home/yvonne/work/src/build/detect_interface
[1.311s] Invoked command in '/home/yvonne/work/src/build/detect_interface' returned '0': CMAKE_PREFIX_PATH=/opt/ros/humble /usr/bin/cmake /home/yvonne/work/src/pool/detect/detect_interface -DCMAKE_INSTALL_PREFIX=/home/yvonne/work/src/install/detect_interface
[1.315s] Invoking command in '/home/yvonne/work/src/build/detect_interface': CMAKE_PREFIX_PATH=/opt/ros/humble /usr/bin/cmake --build /home/yvonne/work/src/build/detect_interface -- -j16 -l16
[1.399s] [  2%] [34m[1mGenerating C code for ROS interfaces[0m
[1.410s] [  5%] [34m[1mGenerating C++ code for ROS interfaces[0m
[1.415s] [  5%] Built target ament_cmake_python_copy_detect_interface
[1.588s] running egg_info
[1.589s] creating detect_interface.egg-info
[1.589s] writing detect_interface.egg-info/PKG-INFO
[1.589s] writing dependency_links to detect_interface.egg-info/dependency_links.txt
[1.589s] writing top-level names to detect_interface.egg-info/top_level.txt
[1.590s] writing manifest file 'detect_interface.egg-info/SOURCES.txt'
[1.591s] reading manifest file 'detect_interface.egg-info/SOURCES.txt'
[1.592s] writing manifest file 'detect_interface.egg-info/SOURCES.txt'
[1.617s] [  5%] Built target ament_cmake_python_build_detect_interface_egg
[1.635s] [  5%] Built target detect_interface__cpp
[1.645s] [  7%] [34m[1mGenerating C++ type support dispatch for ROS interfaces[0m
[1.647s] [ 12%] [34m[1mGenerating C++ type support for eProsima Fast-RTPS[0m
[1.647s] [ 12%] [34m[1mGenerating C++ introspection for ROS interfaces[0m
[1.787s] [ 15%] [32mBuilding C object CMakeFiles/detect_interface__rosidl_generator_c.dir/rosidl_generator_c/detect_interface/msg/detail/bounding_box__functions.c.o[0m
[1.787s] [ 17%] [32mBuilding C object CMakeFiles/detect_interface__rosidl_generator_c.dir/rosidl_generator_c/detect_interface/msg/detail/detection_results__functions.c.o[0m
[1.841s] [ 20%] [32m[1mLinking C shared library libdetect_interface__rosidl_generator_c.so[0m
[1.878s] [ 20%] Built target detect_interface__rosidl_generator_c
[1.887s] [ 25%] [34m[1mGenerating C type support for eProsima Fast-RTPS[0m
[1.887s] [ 25%] [34m[1mGenerating C type support dispatch for ROS interfaces[0m
[1.888s] [ 28%] [34m[1mGenerating C introspection for ROS interfaces[0m
[1.893s] [ 33%] [32mBuilding CXX object CMakeFiles/detect_interface__rosidl_typesupport_cpp.dir/rosidl_typesupport_cpp/detect_interface/msg/detection_results__type_support.cpp.o[0m
[1.893s] [ 33%] [32mBuilding CXX object CMakeFiles/detect_interface__rosidl_typesupport_cpp.dir/rosidl_typesupport_cpp/detect_interface/msg/bounding_box__type_support.cpp.o[0m
[1.903s] [ 35%] [32mBuilding CXX object CMakeFiles/detect_interface__rosidl_typesupport_introspection_cpp.dir/rosidl_typesupport_introspection_cpp/detect_interface/msg/detail/bounding_box__type_support.cpp.o[0m
[1.905s] [ 38%] [32mBuilding CXX object CMakeFiles/detect_interface__rosidl_typesupport_introspection_cpp.dir/rosidl_typesupport_introspection_cpp/detect_interface/msg/detail/detection_results__type_support.cpp.o[0m
[2.032s] [ 41%] [32mBuilding CXX object CMakeFiles/detect_interface__rosidl_typesupport_fastrtps_cpp.dir/rosidl_typesupport_fastrtps_cpp/detect_interface/msg/detail/dds_fastrtps/bounding_box__type_support.cpp.o[0m
[2.049s] [ 43%] [32mBuilding CXX object CMakeFiles/detect_interface__rosidl_typesupport_fastrtps_cpp.dir/rosidl_typesupport_fastrtps_cpp/detect_interface/msg/detail/dds_fastrtps/detection_results__type_support.cpp.o[0m
[2.265s] [ 46%] [32m[1mLinking CXX shared library libdetect_interface__rosidl_typesupport_cpp.so[0m
[2.280s] [ 48%] [32mBuilding CXX object CMakeFiles/detect_interface__rosidl_typesupport_fastrtps_c.dir/rosidl_typesupport_fastrtps_c/detect_interface/msg/detail/detection_results__type_support_c.cpp.o[0m
[2.290s] [ 53%] [32mBuilding C object CMakeFiles/detect_interface__rosidl_typesupport_introspection_c.dir/rosidl_typesupport_introspection_c/detect_interface/msg/detail/bounding_box__type_support.c.o[0m
[2.291s] [ 51%] [32mBuilding CXX object CMakeFiles/detect_interface__rosidl_typesupport_fastrtps_c.dir/rosidl_typesupport_fastrtps_c/detect_interface/msg/detail/bounding_box__type_support_c.cpp.o[0m
[2.292s] [ 56%] [32mBuilding C object CMakeFiles/detect_interface__rosidl_typesupport_introspection_c.dir/rosidl_typesupport_introspection_c/detect_interface/msg/detail/detection_results__type_support.c.o[0m
[2.307s] [ 58%] [32mBuilding CXX object CMakeFiles/detect_interface__rosidl_typesupport_c.dir/rosidl_typesupport_c/detect_interface/msg/detection_results__type_support.cpp.o[0m
[2.313s] [ 61%] [32mBuilding CXX object CMakeFiles/detect_interface__rosidl_typesupport_c.dir/rosidl_typesupport_c/detect_interface/msg/bounding_box__type_support.cpp.o[0m
[2.366s] [ 64%] [32m[1mLinking C shared library libdetect_interface__rosidl_typesupport_introspection_c.so[0m
[2.381s] [ 64%] Built target detect_interface__rosidl_typesupport_cpp
[2.420s] [ 66%] [32m[1mLinking CXX shared library libdetect_interface__rosidl_typesupport_c.so[0m
[2.438s] [ 66%] Built target detect_interface__rosidl_typesupport_introspection_c
[2.486s] [ 66%] Built target detect_interface__rosidl_typesupport_c
[2.494s] [ 69%] [32m[1mLinking CXX shared library libdetect_interface__rosidl_typesupport_introspection_cpp.so[0m
[2.641s] [ 69%] Built target detect_interface__rosidl_typesupport_introspection_cpp
[2.845s] [ 71%] [32m[1mLinking CXX shared library libdetect_interface__rosidl_typesupport_fastrtps_c.so[0m
[2.862s] [ 74%] [32m[1mLinking CXX shared library libdetect_interface__rosidl_typesupport_fastrtps_cpp.so[0m
[2.992s] [ 74%] Built target detect_interface__rosidl_typesupport_fastrtps_c
[3.003s] [ 74%] Built target detect_interface__rosidl_typesupport_fastrtps_cpp
[3.077s] [ 74%] Built target detect_interface
[3.137s] [ 76%] [34m[1mGenerating Python code for ROS interfaces[0m
[3.673s] [ 76%] Built target detect_interface__py
[3.686s] [ 82%] [32mBuilding C object CMakeFiles/detect_interface__rosidl_generator_py.dir/rosidl_generator_py/detect_interface/msg/_detection_results_s.c.o[0m
[3.686s] [ 82%] [32mBuilding C object CMakeFiles/detect_interface__rosidl_generator_py.dir/rosidl_generator_py/detect_interface/msg/_bounding_box_s.c.o[0m
[3.754s] [ 84%] [32m[1mLinking C shared library rosidl_generator_py/detect_interface/libdetect_interface__rosidl_generator_py.so[0m
[3.781s] [ 84%] Built target detect_interface__rosidl_generator_py
[3.793s] [ 87%] [32mBuilding C object CMakeFiles/detect_interface__rosidl_typesupport_fastrtps_c__pyext.dir/rosidl_generator_py/detect_interface/_detect_interface_s.ep.rosidl_typesupport_fastrtps_c.c.o[0m
[3.793s] [ 89%] [32mBuilding C object CMakeFiles/detect_interface__rosidl_typesupport_introspection_c__pyext.dir/rosidl_generator_py/detect_interface/_detect_interface_s.ep.rosidl_typesupport_introspection_c.c.o[0m
[3.799s] [ 92%] [32mBuilding C object CMakeFiles/detect_interface__rosidl_typesupport_c__pyext.dir/rosidl_generator_py/detect_interface/_detect_interface_s.ep.rosidl_typesupport_c.c.o[0m
[3.853s] [ 94%] [32m[1mLinking C shared library rosidl_generator_py/detect_interface/detect_interface_s__rosidl_typesupport_introspection_c.cpython-310-x86_64-linux-gnu.so[0m
[3.867s] [ 97%] [32m[1mLinking C shared library rosidl_generator_py/detect_interface/detect_interface_s__rosidl_typesupport_c.cpython-310-x86_64-linux-gnu.so[0m
[3.871s] [100%] [32m[1mLinking C shared library rosidl_generator_py/detect_interface/detect_interface_s__rosidl_typesupport_fastrtps_c.cpython-310-x86_64-linux-gnu.so[0m
[3.877s] [100%] Built target detect_interface__rosidl_typesupport_introspection_c__pyext
[3.894s] [100%] Built target detect_interface__rosidl_typesupport_fastrtps_c__pyext
[3.897s] [100%] Built target detect_interface__rosidl_typesupport_c__pyext
[3.905s] Invoked command in '/home/yvonne/work/src/build/detect_interface' returned '0': CMAKE_PREFIX_PATH=/opt/ros/humble /usr/bin/cmake --build /home/yvonne/work/src/build/detect_interface -- -j16 -l16
[3.952s] Invoking command in '/home/yvonne/work/src/build/detect_interface': CMAKE_PREFIX_PATH=/opt/ros/humble /usr/bin/cmake --install /home/yvonne/work/src/build/detect_interface
[3.957s] -- Install configuration: ""
[3.957s] -- Installing: /home/yvonne/work/src/install/detect_interface/share/ament_index/resource_index/rosidl_interfaces/detect_interface
[3.957s] -- Installing: /home/yvonne/work/src/install/detect_interface/include/detect_interface/detect_interface
[3.957s] -- Installing: /home/yvonne/work/src/install/detect_interface/include/detect_interface/detect_interface/msg
[3.957s] -- Installing: /home/yvonne/work/src/install/detect_interface/include/detect_interface/detect_interface/msg/detail
[3.958s] -- Installing: /home/yvonne/work/src/install/detect_interface/include/detect_interface/detect_interface/msg/detail/bounding_box__type_support.h
[3.958s] -- Installing: /home/yvonne/work/src/install/detect_interface/include/detect_interface/detect_interface/msg/detail/detection_results__struct.h
[3.958s] -- Installing: /home/yvonne/work/src/install/detect_interface/include/detect_interface/detect_interface/msg/detail/bounding_box__functions.c
[3.958s] -- Installing: /home/yvonne/work/src/install/detect_interface/include/detect_interface/detect_interface/msg/detail/detection_results__functions.h
[3.958s] -- Installing: /home/yvonne/work/src/install/detect_interface/include/detect_interface/detect_interface/msg/detail/detection_results__type_support.h
[3.958s] -- Installing: /home/yvonne/work/src/install/detect_interface/include/detect_interface/detect_interface/msg/detail/bounding_box__functions.h
[3.958s] -- Installing: /home/yvonne/work/src/install/detect_interface/include/detect_interface/detect_interface/msg/detail/bounding_box__struct.h
[3.958s] -- Installing: /home/yvonne/work/src/install/detect_interface/include/detect_interface/detect_interface/msg/detail/detection_results__functions.c
[3.958s] -- Installing: /home/yvonne/work/src/install/detect_interface/include/detect_interface/detect_interface/msg/bounding_box.h
[3.958s] -- Installing: /home/yvonne/work/src/install/detect_interface/include/detect_interface/detect_interface/msg/detection_results.h
[3.958s] -- Installing: /home/yvonne/work/src/install/detect_interface/include/detect_interface/detect_interface/msg/rosidl_generator_c__visibility_control.h
[3.959s] -- Installing: /home/yvonne/work/src/install/detect_interface/share/detect_interface/environment/library_path.sh
[3.959s] -- Installing: /home/yvonne/work/src/install/detect_interface/share/detect_interface/environment/library_path.dsv
[3.959s] -- Installing: /home/yvonne/work/src/install/detect_interface/lib/libdetect_interface__rosidl_generator_c.so
[3.959s] -- Set runtime path of "/home/yvonne/work/src/install/detect_interface/lib/libdetect_interface__rosidl_generator_c.so" to ""
[3.959s] -- Up-to-date: /home/yvonne/work/src/install/detect_interface/include/detect_interface/detect_interface
[3.959s] -- Up-to-date: /home/yvonne/work/src/install/detect_interface/include/detect_interface/detect_interface/msg
[3.959s] -- Up-to-date: /home/yvonne/work/src/install/detect_interface/include/detect_interface/detect_interface/msg/detail
[3.959s] -- Installing: /home/yvonne/work/src/install/detect_interface/include/detect_interface/detect_interface/msg/detail/detection_results__rosidl_typesupport_fastrtps_c.h
[3.959s] -- Installing: /home/yvonne/work/src/install/detect_interface/include/detect_interface/detect_interface/msg/detail/bounding_box__rosidl_typesupport_fastrtps_c.h
[3.959s] -- Installing: /home/yvonne/work/src/install/detect_interface/include/detect_interface/detect_interface/msg/rosidl_typesupport_fastrtps_c__visibility_control.h
[3.959s] -- Installing: /home/yvonne/work/src/install/detect_interface/lib/libdetect_interface__rosidl_typesupport_fastrtps_c.so
[3.959s] -- Set runtime path of "/home/yvonne/work/src/install/detect_interface/lib/libdetect_interface__rosidl_typesupport_fastrtps_c.so" to ""
[3.959s] -- Up-to-date: /home/yvonne/work/src/install/detect_interface/include/detect_interface/detect_interface
[3.960s] -- Up-to-date: /home/yvonne/work/src/install/detect_interface/include/detect_interface/detect_interface/msg
[3.960s] -- Up-to-date: /home/yvonne/work/src/install/detect_interface/include/detect_interface/detect_interface/msg/detail
[3.960s] -- Installing: /home/yvonne/work/src/install/detect_interface/include/detect_interface/detect_interface/msg/detail/bounding_box__traits.hpp
[3.960s] -- Installing: /home/yvonne/work/src/install/detect_interface/include/detect_interface/detect_interface/msg/detail/detection_results__builder.hpp
[3.960s] -- Installing: /home/yvonne/work/src/install/detect_interface/include/detect_interface/detect_interface/msg/detail/bounding_box__builder.hpp
[3.960s] -- Installing: /home/yvonne/work/src/install/detect_interface/include/detect_interface/detect_interface/msg/detail/detection_results__traits.hpp
[3.960s] -- Installing: /home/yvonne/work/src/install/detect_interface/include/detect_interface/detect_interface/msg/detail/detection_results__struct.hpp
[3.960s] -- Installing: /home/yvonne/work/src/install/detect_interface/include/detect_interface/detect_interface/msg/detail/bounding_box__struct.hpp
[3.960s] -- Installing: /home/yvonne/work/src/install/detect_interface/include/detect_interface/detect_interface/msg/detection_results.hpp
[3.960s] -- Installing: /home/yvonne/work/src/install/detect_interface/include/detect_interface/detect_interface/msg/bounding_box.hpp
[3.960s] -- Up-to-date: /home/yvonne/work/src/install/detect_interface/include/detect_interface/detect_interface
[3.960s] -- Up-to-date: /home/yvonne/work/src/install/detect_interface/include/detect_interface/detect_interface/msg
[3.961s] -- Up-to-date: /home/yvonne/work/src/install/detect_interface/include/detect_interface/detect_interface/msg/detail
[3.961s] -- Installing: /home/yvonne/work/src/install/detect_interface/include/detect_interface/detect_interface/msg/detail/dds_fastrtps
[3.961s] -- Installing: /home/yvonne/work/src/install/detect_interface/include/detect_interface/detect_interface/msg/detail/detection_results__rosidl_typesupport_fastrtps_cpp.hpp
[3.961s] -- Installing: /home/yvonne/work/src/install/detect_interface/include/detect_interface/detect_interface/msg/detail/bounding_box__rosidl_typesupport_fastrtps_cpp.hpp
[3.961s] -- Installing: /home/yvonne/work/src/install/detect_interface/include/detect_interface/detect_interface/msg/rosidl_typesupport_fastrtps_cpp__visibility_control.h
[3.961s] -- Installing: /home/yvonne/work/src/install/detect_interface/lib/libdetect_interface__rosidl_typesupport_fastrtps_cpp.so
[3.961s] -- Set runtime path of "/home/yvonne/work/src/install/detect_interface/lib/libdetect_interface__rosidl_typesupport_fastrtps_cpp.so" to ""
[3.961s] -- Up-to-date: /home/yvonne/work/src/install/detect_interface/include/detect_interface/detect_interface
[3.961s] -- Up-to-date: /home/yvonne/work/src/install/detect_interface/include/detect_interface/detect_interface/msg
[3.961s] -- Up-to-date: /home/yvonne/work/src/install/detect_interface/include/detect_interface/detect_interface/msg/detail
[3.961s] -- Installing: /home/yvonne/work/src/install/detect_interface/include/detect_interface/detect_interface/msg/detail/detection_results__rosidl_typesupport_introspection_c.h
[3.961s] -- Installing: /home/yvonne/work/src/install/detect_interface/include/detect_interface/detect_interface/msg/detail/bounding_box__rosidl_typesupport_introspection_c.h
[3.962s] -- Installing: /home/yvonne/work/src/install/detect_interface/include/detect_interface/detect_interface/msg/detail/detection_results__type_support.c
[3.962s] -- Installing: /home/yvonne/work/src/install/detect_interface/include/detect_interface/detect_interface/msg/detail/bounding_box__type_support.c
[3.962s] -- Installing: /home/yvonne/work/src/install/detect_interface/include/detect_interface/detect_interface/msg/rosidl_typesupport_introspection_c__visibility_control.h
[3.962s] -- Installing: /home/yvonne/work/src/install/detect_interface/lib/libdetect_interface__rosidl_typesupport_introspection_c.so
[3.962s] -- Set runtime path of "/home/yvonne/work/src/install/detect_interface/lib/libdetect_interface__rosidl_typesupport_introspection_c.so" to ""
[3.962s] -- Installing: /home/yvonne/work/src/install/detect_interface/lib/libdetect_interface__rosidl_typesupport_c.so
[3.962s] -- Set runtime path of "/home/yvonne/work/src/install/detect_interface/lib/libdetect_interface__rosidl_typesupport_c.so" to ""
[3.962s] -- Up-to-date: /home/yvonne/work/src/install/detect_interface/include/detect_interface/detect_interface
[3.962s] -- Up-to-date: /home/yvonne/work/src/install/detect_interface/include/detect_interface/detect_interface/msg
[3.962s] -- Up-to-date: /home/yvonne/work/src/install/detect_interface/include/detect_interface/detect_interface/msg/detail
[3.962s] -- Installing: /home/yvonne/work/src/install/detect_interface/include/detect_interface/detect_interface/msg/detail/detection_results__type_support.cpp
[3.962s] -- Installing: /home/yvonne/work/src/install/detect_interface/include/detect_interface/detect_interface/msg/detail/bounding_box__rosidl_typesupport_introspection_cpp.hpp
[3.962s] -- Installing: /home/yvonne/work/src/install/detect_interface/include/detect_interface/detect_interface/msg/detail/detection_results__rosidl_typesupport_introspection_cpp.hpp
[3.962s] -- Installing: /home/yvonne/work/src/install/detect_interface/include/detect_interface/detect_interface/msg/detail/bounding_box__type_support.cpp
[3.962s] -- Installing: /home/yvonne/work/src/install/detect_interface/lib/libdetect_interface__rosidl_typesupport_introspection_cpp.so
[3.962s] -- Set runtime path of "/home/yvonne/work/src/install/detect_interface/lib/libdetect_interface__rosidl_typesupport_introspection_cpp.so" to ""
[3.962s] -- Installing: /home/yvonne/work/src/install/detect_interface/lib/libdetect_interface__rosidl_typesupport_cpp.so
[3.963s] -- Set runtime path of "/home/yvonne/work/src/install/detect_interface/lib/libdetect_interface__rosidl_typesupport_cpp.so" to ""
[3.963s] -- Installing: /home/yvonne/work/src/install/detect_interface/share/detect_interface/environment/pythonpath.sh
[3.963s] -- Installing: /home/yvonne/work/src/install/detect_interface/share/detect_interface/environment/pythonpath.dsv
[3.963s] -- Installing: /home/yvonne/work/src/install/detect_interface/local/lib/python3.10/dist-packages/detect_interface-0.0.0-py3.10.egg-info
[3.963s] -- Installing: /home/yvonne/work/src/install/detect_interface/local/lib/python3.10/dist-packages/detect_interface-0.0.0-py3.10.egg-info/SOURCES.txt
[3.963s] -- Installing: /home/yvonne/work/src/install/detect_interface/local/lib/python3.10/dist-packages/detect_interface-0.0.0-py3.10.egg-info/PKG-INFO
[3.963s] -- Installing: /home/yvonne/work/src/install/detect_interface/local/lib/python3.10/dist-packages/detect_interface-0.0.0-py3.10.egg-info/top_level.txt
[3.963s] -- Installing: /home/yvonne/work/src/install/detect_interface/local/lib/python3.10/dist-packages/detect_interface-0.0.0-py3.10.egg-info/dependency_links.txt
[3.963s] -- Installing: /home/yvonne/work/src/install/detect_interface/local/lib/python3.10/dist-packages/detect_interface
[3.963s] -- Installing: /home/yvonne/work/src/install/detect_interface/local/lib/python3.10/dist-packages/detect_interface/__init__.py
[3.963s] -- Installing: /home/yvonne/work/src/install/detect_interface/local/lib/python3.10/dist-packages/detect_interface/detect_interface_s__rosidl_typesupport_introspection_c.cpython-310-x86_64-linux-gnu.so
[3.963s] -- Installing: /home/yvonne/work/src/install/detect_interface/local/lib/python3.10/dist-packages/detect_interface/_detect_interface_s.ep.rosidl_typesupport_introspection_c.c
[3.963s] -- Installing: /home/yvonne/work/src/install/detect_interface/local/lib/python3.10/dist-packages/detect_interface/detect_interface_s__rosidl_typesupport_c.cpython-310-x86_64-linux-gnu.so
[3.963s] -- Installing: /home/yvonne/work/src/install/detect_interface/local/lib/python3.10/dist-packages/detect_interface/_detect_interface_s.ep.rosidl_typesupport_c.c
[3.963s] -- Installing: /home/yvonne/work/src/install/detect_interface/local/lib/python3.10/dist-packages/detect_interface/_detect_interface_s.ep.rosidl_typesupport_fastrtps_c.c
[3.963s] -- Installing: /home/yvonne/work/src/install/detect_interface/local/lib/python3.10/dist-packages/detect_interface/detect_interface_s__rosidl_typesupport_fastrtps_c.cpython-310-x86_64-linux-gnu.so
[3.964s] -- Installing: /home/yvonne/work/src/install/detect_interface/local/lib/python3.10/dist-packages/detect_interface/msg
[3.964s] -- Installing: /home/yvonne/work/src/install/detect_interface/local/lib/python3.10/dist-packages/detect_interface/msg/__init__.py
[3.964s] -- Installing: /home/yvonne/work/src/install/detect_interface/local/lib/python3.10/dist-packages/detect_interface/msg/_bounding_box.py
[3.964s] -- Installing: /home/yvonne/work/src/install/detect_interface/local/lib/python3.10/dist-packages/detect_interface/msg/_detection_results_s.c
[3.964s] -- Installing: /home/yvonne/work/src/install/detect_interface/local/lib/python3.10/dist-packages/detect_interface/msg/_detection_results.py
[3.964s] -- Installing: /home/yvonne/work/src/install/detect_interface/local/lib/python3.10/dist-packages/detect_interface/msg/_bounding_box_s.c
[3.964s] -- Installing: /home/yvonne/work/src/install/detect_interface/local/lib/python3.10/dist-packages/detect_interface/libdetect_interface__rosidl_generator_py.so
[3.982s] Listing '/home/yvonne/work/src/install/detect_interface/local/lib/python3.10/dist-packages/detect_interface'...
[3.982s] Compiling '/home/yvonne/work/src/install/detect_interface/local/lib/python3.10/dist-packages/detect_interface/__init__.py'...
[3.982s] Listing '/home/yvonne/work/src/install/detect_interface/local/lib/python3.10/dist-packages/detect_interface/msg'...
[3.983s] Compiling '/home/yvonne/work/src/install/detect_interface/local/lib/python3.10/dist-packages/detect_interface/msg/__init__.py'...
[3.983s] Compiling '/home/yvonne/work/src/install/detect_interface/local/lib/python3.10/dist-packages/detect_interface/msg/_bounding_box.py'...
[3.983s] Compiling '/home/yvonne/work/src/install/detect_interface/local/lib/python3.10/dist-packages/detect_interface/msg/_detection_results.py'...
[3.985s] -- Installing: /home/yvonne/work/src/install/detect_interface/local/lib/python3.10/dist-packages/detect_interface/detect_interface_s__rosidl_typesupport_fastrtps_c.cpython-310-x86_64-linux-gnu.so
[3.986s] -- Set runtime path of "/home/yvonne/work/src/install/detect_interface/local/lib/python3.10/dist-packages/detect_interface/detect_interface_s__rosidl_typesupport_fastrtps_c.cpython-310-x86_64-linux-gnu.so" to ""
[3.986s] -- Installing: /home/yvonne/work/src/install/detect_interface/local/lib/python3.10/dist-packages/detect_interface/detect_interface_s__rosidl_typesupport_introspection_c.cpython-310-x86_64-linux-gnu.so
[3.986s] -- Set runtime path of "/home/yvonne/work/src/install/detect_interface/local/lib/python3.10/dist-packages/detect_interface/detect_interface_s__rosidl_typesupport_introspection_c.cpython-310-x86_64-linux-gnu.so" to ""
[3.986s] -- Installing: /home/yvonne/work/src/install/detect_interface/local/lib/python3.10/dist-packages/detect_interface/detect_interface_s__rosidl_typesupport_c.cpython-310-x86_64-linux-gnu.so
[3.986s] -- Set runtime path of "/home/yvonne/work/src/install/detect_interface/local/lib/python3.10/dist-packages/detect_interface/detect_interface_s__rosidl_typesupport_c.cpython-310-x86_64-linux-gnu.so" to ""
[3.987s] -- Installing: /home/yvonne/work/src/install/detect_interface/lib/libdetect_interface__rosidl_generator_py.so
[3.987s] -- Set runtime path of "/home/yvonne/work/src/install/detect_interface/lib/libdetect_interface__rosidl_generator_py.so" to ""
[3.987s] -- Installing: /home/yvonne/work/src/install/detect_interface/share/detect_interface/msg/DetectionResults.idl
[3.987s] -- Installing: /home/yvonne/work/src/install/detect_interface/share/detect_interface/msg/BoundingBox.idl
[3.987s] -- Installing: /home/yvonne/work/src/install/detect_interface/share/detect_interface/msg/DetectionResults.msg
[3.987s] -- Installing: /home/yvonne/work/src/install/detect_interface/share/detect_interface/msg/BoundingBox.msg
[3.987s] -- Installing: /home/yvonne/work/src/install/detect_interface/share/ament_index/resource_index/package_run_dependencies/detect_interface
[3.987s] -- Installing: /home/yvonne/work/src/install/detect_interface/share/ament_index/resource_index/parent_prefix_path/detect_interface
[3.987s] -- Installing: /home/yvonne/work/src/install/detect_interface/share/detect_interface/environment/ament_prefix_path.sh
[3.987s] -- Installing: /home/yvonne/work/src/install/detect_interface/share/detect_interface/environment/ament_prefix_path.dsv
[3.988s] -- Installing: /home/yvonne/work/src/install/detect_interface/share/detect_interface/environment/path.sh
[3.988s] -- Installing: /home/yvonne/work/src/install/detect_interface/share/detect_interface/environment/path.dsv
[3.988s] -- Installing: /home/yvonne/work/src/install/detect_interface/share/detect_interface/local_setup.bash
[3.988s] -- Installing: /home/yvonne/work/src/install/detect_interface/share/detect_interface/local_setup.sh
[3.988s] -- Installing: /home/yvonne/work/src/install/detect_interface/share/detect_interface/local_setup.zsh
[3.988s] -- Installing: /home/yvonne/work/src/install/detect_interface/share/detect_interface/local_setup.dsv
[3.988s] -- Installing: /home/yvonne/work/src/install/detect_interface/share/detect_interface/package.dsv
[3.988s] -- Installing: /home/yvonne/work/src/install/detect_interface/share/ament_index/resource_index/packages/detect_interface
[3.988s] -- Installing: /home/yvonne/work/src/install/detect_interface/share/detect_interface/cmake/export_detect_interface__rosidl_generator_cExport.cmake
[3.988s] -- Installing: /home/yvonne/work/src/install/detect_interface/share/detect_interface/cmake/export_detect_interface__rosidl_generator_cExport-noconfig.cmake
[3.988s] -- Installing: /home/yvonne/work/src/install/detect_interface/share/detect_interface/cmake/export_detect_interface__rosidl_typesupport_fastrtps_cExport.cmake
[3.988s] -- Installing: /home/yvonne/work/src/install/detect_interface/share/detect_interface/cmake/export_detect_interface__rosidl_typesupport_fastrtps_cExport-noconfig.cmake
[3.988s] -- Installing: /home/yvonne/work/src/install/detect_interface/share/detect_interface/cmake/export_detect_interface__rosidl_generator_cppExport.cmake
[3.988s] -- Installing: /home/yvonne/work/src/install/detect_interface/share/detect_interface/cmake/export_detect_interface__rosidl_typesupport_fastrtps_cppExport.cmake
[3.988s] -- Installing: /home/yvonne/work/src/install/detect_interface/share/detect_interface/cmake/export_detect_interface__rosidl_typesupport_fastrtps_cppExport-noconfig.cmake
[3.988s] -- Installing: /home/yvonne/work/src/install/detect_interface/share/detect_interface/cmake/detect_interface__rosidl_typesupport_introspection_cExport.cmake
[3.988s] -- Installing: /home/yvonne/work/src/install/detect_interface/share/detect_interface/cmake/detect_interface__rosidl_typesupport_introspection_cExport-noconfig.cmake
[3.988s] -- Installing: /home/yvonne/work/src/install/detect_interface/share/detect_interface/cmake/detect_interface__rosidl_typesupport_cExport.cmake
[3.988s] -- Installing: /home/yvonne/work/src/install/detect_interface/share/detect_interface/cmake/detect_interface__rosidl_typesupport_cExport-noconfig.cmake
[3.989s] -- Installing: /home/yvonne/work/src/install/detect_interface/share/detect_interface/cmake/detect_interface__rosidl_typesupport_introspection_cppExport.cmake
[3.989s] -- Installing: /home/yvonne/work/src/install/detect_interface/share/detect_interface/cmake/detect_interface__rosidl_typesupport_introspection_cppExport-noconfig.cmake
[3.989s] -- Installing: /home/yvonne/work/src/install/detect_interface/share/detect_interface/cmake/detect_interface__rosidl_typesupport_cppExport.cmake
[3.989s] -- Installing: /home/yvonne/work/src/install/detect_interface/share/detect_interface/cmake/detect_interface__rosidl_typesupport_cppExport-noconfig.cmake
[3.989s] -- Installing: /home/yvonne/work/src/install/detect_interface/share/detect_interface/cmake/export_detect_interface__rosidl_generator_pyExport.cmake
[3.989s] -- Installing: /home/yvonne/work/src/install/detect_interface/share/detect_interface/cmake/export_detect_interface__rosidl_generator_pyExport-noconfig.cmake
[3.989s] -- Installing: /home/yvonne/work/src/install/detect_interface/share/detect_interface/cmake/rosidl_cmake-extras.cmake
[3.989s] -- Installing: /home/yvonne/work/src/install/detect_interface/share/detect_interface/cmake/ament_cmake_export_dependencies-extras.cmake
[3.989s] -- Installing: /home/yvonne/work/src/install/detect_interface/share/detect_interface/cmake/ament_cmake_export_include_directories-extras.cmake
[3.989s] -- Installing: /home/yvonne/work/src/install/detect_interface/share/detect_interface/cmake/ament_cmake_export_libraries-extras.cmake
[3.989s] -- Installing: /home/yvonne/work/src/install/detect_interface/share/detect_interface/cmake/ament_cmake_export_targets-extras.cmake
[3.989s] -- Installing: /home/yvonne/work/src/install/detect_interface/share/detect_interface/cmake/rosidl_cmake_export_typesupport_targets-extras.cmake
[3.989s] -- Installing: /home/yvonne/work/src/install/detect_interface/share/detect_interface/cmake/rosidl_cmake_export_typesupport_libraries-extras.cmake
[3.989s] -- Installing: /home/yvonne/work/src/install/detect_interface/share/detect_interface/cmake/detect_interfaceConfig.cmake
[3.989s] -- Installing: /home/yvonne/work/src/install/detect_interface/share/detect_interface/cmake/detect_interfaceConfig-version.cmake
[3.989s] -- Installing: /home/yvonne/work/src/install/detect_interface/share/detect_interface/package.xml
[3.990s] Invoked command in '/home/yvonne/work/src/build/detect_interface' returned '0': CMAKE_PREFIX_PATH=/opt/ros/humble /usr/bin/cmake --install /home/yvonne/work/src/build/detect_interface
