-- The C compiler identification is GNU 11.4.0
-- The CXX compiler identification is GNU 11.4.0
-- Detecting C compiler ABI info
-- Detecting C compiler ABI info - done
-- Check for working C compiler: /usr/bin/cc - skipped
-- Detecting C compile features
-- Detecting C compile features - done
-- Detecting CXX compiler ABI info
-- Detecting CXX compiler ABI info - done
-- Check for working CXX compiler: /usr/bin/c++ - skipped
-- Detecting CXX compile features
-- Detecting CXX compile features - done
-- Found ament_cmake: 1.3.8 (/opt/ros/humble/share/ament_cmake/cmake)
-- Found Python3: /usr/bin/python3 (found version "3.10.12") found components: Interpreter 
-- Found hiwin_libmodbus: 0.0.0 (/home/yvonne/work/src/install/hiwin_libmodbus/share/hiwin_libmodbus/cmake)
-- Found hiwin_interfaces: 0.0.0 (/home/yvonne/work/src/install/hiwin_interfaces/share/hiwin_interfaces/cmake)
-- Found rosidl_generator_c: 3.1.5 (/opt/ros/humble/share/rosidl_generator_c/cmake)
-- Found rosidl_adapter: 3.1.5 (/opt/ros/humble/share/rosidl_adapter/cmake)
-- Found rosidl_generator_cpp: 3.1.5 (/opt/ros/humble/share/rosidl_generator_cpp/cmake)
-- Using all available rosidl_typesupport_c: rosidl_typesupport_fastrtps_c;rosidl_typesupport_introspection_c
-- Using all available rosidl_typesupport_cpp: rosidl_typesupport_fastrtps_cpp;rosidl_typesupport_introspection_cpp
-- Found rclpy: 3.3.12 (/opt/ros/humble/share/rclpy/cmake)
-- Found rclcpp: 16.0.8 (/opt/ros/humble/share/rclcpp/cmake)
-- Found rmw_implementation_cmake: 6.1.1 (/opt/ros/humble/share/rmw_implementation_cmake/cmake)
-- Found rmw_cyclonedds_cpp: 1.3.4 (/opt/ros/humble/share/rmw_cyclonedds_cpp/cmake)
-- Using RMW implementation 'rmw_cyclonedds_cpp' as default
-- Looking for pthread.h
-- Looking for pthread.h - found
-- Performing Test CMAKE_HAVE_LIBC_PTHREAD
-- Performing Test CMAKE_HAVE_LIBC_PTHREAD - Success
-- Found Threads: TRUE  
-- Found ament_lint_auto: 0.12.10 (/opt/ros/humble/share/ament_lint_auto/cmake)
-- Added test 'flake8' to check Python code syntax and style conventions
-- Added test 'lint_cmake' to check CMake code style
-- Added test 'pep257' to check Python code against some of the docstring style conventions in PEP 257
-- Added test 'xmllint' to check XML markup files
-- Configuring done
-- Generating done
-- Build files have been written to: /home/yvonne/work/src/build/hiwin_service_client
-- Install configuration: ""
-- Installing: /home/yvonne/work/src/install/hiwin_service_client/share/ament_index/resource_index/package_run_dependencies/hiwin_service_client
-- Installing: /home/yvonne/work/src/install/hiwin_service_client/share/ament_index/resource_index/parent_prefix_path/hiwin_service_client
-- Installing: /home/yvonne/work/src/install/hiwin_service_client/share/hiwin_service_client/environment/ament_prefix_path.sh
-- Installing: /home/yvonne/work/src/install/hiwin_service_client/share/hiwin_service_client/environment/ament_prefix_path.dsv
-- Installing: /home/yvonne/work/src/install/hiwin_service_client/share/hiwin_service_client/environment/path.sh
-- Installing: /home/yvonne/work/src/install/hiwin_service_client/share/hiwin_service_client/environment/path.dsv
-- Installing: /home/yvonne/work/src/install/hiwin_service_client/share/hiwin_service_client/local_setup.bash
-- Installing: /home/yvonne/work/src/install/hiwin_service_client/share/hiwin_service_client/local_setup.sh
-- Installing: /home/yvonne/work/src/install/hiwin_service_client/share/hiwin_service_client/local_setup.zsh
-- Installing: /home/yvonne/work/src/install/hiwin_service_client/share/hiwin_service_client/local_setup.dsv
-- Installing: /home/yvonne/work/src/install/hiwin_service_client/share/hiwin_service_client/package.dsv
-- Installing: /home/yvonne/work/src/install/hiwin_service_client/share/ament_index/resource_index/packages/hiwin_service_client
-- Installing: /home/yvonne/work/src/install/hiwin_service_client/share/hiwin_service_client/cmake/hiwin_service_clientConfig.cmake
-- Installing: /home/yvonne/work/src/install/hiwin_service_client/share/hiwin_service_client/cmake/hiwin_service_clientConfig-version.cmake
-- Installing: /home/yvonne/work/src/install/hiwin_service_client/share/hiwin_service_client/package.xml
