[0.010s] Invoking command in '/home/yvonne/work/src/build/hiwin_service_client': AMENT_PREFIX_PATH=/home/yvonne/work/src/install/hiwin_libmodbus:/home/yvonne/work/src/install/hiwin_interfaces:${AMENT_PREFIX_PATH} CMAKE_PREFIX_PATH=/home/yvonne/work/src/install/hiwin_libmodbus:/home/yvonne/work/src/install/hiwin_interfaces:/opt/ros/humble LD_LIBRARY_PATH=/home/yvonne/work/src/install/hiwin_libmodbus/lib:/home/yvonne/work/src/install/hiwin_interfaces/lib:${LD_LIBRARY_PATH} PYTHONPATH=/home/yvonne/work/src/install/hiwin_libmodbus/local/lib/python3.10/dist-packages:/home/yvonne/work/src/install/hiwin_interfaces/local/lib/python3.10/dist-packages:${PYTHONPATH} /usr/bin/cmake /home/yvonne/work/src/Hiwin_libmodbus/hiwin_service_client -DCMAKE_INSTALL_PREFIX=/home/yvonne/work/src/install/hiwin_service_client
[0.049s] -- The C compiler identification is GNU 11.4.0
[0.094s] -- The CXX compiler identification is GNU 11.4.0
[0.100s] -- Detecting C compiler ABI info
[0.154s] -- Detecting C compiler ABI info - done
[0.162s] -- Check for working C compiler: /usr/bin/cc - skipped
[0.162s] -- Detecting C compile features
[0.163s] -- Detecting C compile features - done
[0.166s] -- Detecting CXX compiler ABI info
[0.228s] -- Detecting CXX compiler ABI info - done
[0.233s] -- Check for working CXX compiler: /usr/bin/c++ - skipped
[0.234s] -- Detecting CXX compile features
[0.234s] -- Detecting CXX compile features - done
[0.236s] -- Found ament_cmake: 1.3.8 (/opt/ros/humble/share/ament_cmake/cmake)
[0.354s] -- Found Python3: /usr/bin/python3 (found version "3.10.12") found components: Interpreter 
[0.425s] -- Found hiwin_libmodbus: 0.0.0 (/home/yvonne/work/src/install/hiwin_libmodbus/share/hiwin_libmodbus/cmake)
[0.426s] -- Found hiwin_interfaces: 0.0.0 (/home/yvonne/work/src/install/hiwin_interfaces/share/hiwin_interfaces/cmake)
[0.455s] -- Found rosidl_generator_c: 3.1.5 (/opt/ros/humble/share/rosidl_generator_c/cmake)
[0.458s] -- Found rosidl_adapter: 3.1.5 (/opt/ros/humble/share/rosidl_adapter/cmake)
[0.464s] -- Found rosidl_generator_cpp: 3.1.5 (/opt/ros/humble/share/rosidl_generator_cpp/cmake)
[0.473s] -- Using all available rosidl_typesupport_c: rosidl_typesupport_fastrtps_c;rosidl_typesupport_introspection_c
[0.487s] -- Using all available rosidl_typesupport_cpp: rosidl_typesupport_fastrtps_cpp;rosidl_typesupport_introspection_cpp
[0.617s] -- Found rclpy: 3.3.12 (/opt/ros/humble/share/rclpy/cmake)
[0.618s] -- Found rclcpp: 16.0.8 (/opt/ros/humble/share/rclcpp/cmake)
[0.658s] -- Found rmw_implementation_cmake: 6.1.1 (/opt/ros/humble/share/rmw_implementation_cmake/cmake)
[0.660s] -- Found rmw_cyclonedds_cpp: 1.3.4 (/opt/ros/humble/share/rmw_cyclonedds_cpp/cmake)
[0.681s] -- Using RMW implementation 'rmw_cyclonedds_cpp' as default
[0.689s] -- Looking for pthread.h
[0.744s] -- Looking for pthread.h - found
[0.744s] -- Performing Test CMAKE_HAVE_LIBC_PTHREAD
[0.797s] -- Performing Test CMAKE_HAVE_LIBC_PTHREAD - Success
[0.798s] -- Found Threads: TRUE  
[0.881s] -- Found ament_lint_auto: 0.12.10 (/opt/ros/humble/share/ament_lint_auto/cmake)
[0.954s] -- Added test 'flake8' to check Python code syntax and style conventions
[0.954s] -- Added test 'lint_cmake' to check CMake code style
[0.954s] -- Added test 'pep257' to check Python code against some of the docstring style conventions in PEP 257
[0.955s] -- Added test 'xmllint' to check XML markup files
[0.956s] -- Configuring done
[0.959s] -- Generating done
[0.960s] -- Build files have been written to: /home/yvonne/work/src/build/hiwin_service_client
[0.966s] Invoked command in '/home/yvonne/work/src/build/hiwin_service_client' returned '0': AMENT_PREFIX_PATH=/home/yvonne/work/src/install/hiwin_libmodbus:/home/yvonne/work/src/install/hiwin_interfaces:${AMENT_PREFIX_PATH} CMAKE_PREFIX_PATH=/home/yvonne/work/src/install/hiwin_libmodbus:/home/yvonne/work/src/install/hiwin_interfaces:/opt/ros/humble LD_LIBRARY_PATH=/home/yvonne/work/src/install/hiwin_libmodbus/lib:/home/yvonne/work/src/install/hiwin_interfaces/lib:${LD_LIBRARY_PATH} PYTHONPATH=/home/yvonne/work/src/install/hiwin_libmodbus/local/lib/python3.10/dist-packages:/home/yvonne/work/src/install/hiwin_interfaces/local/lib/python3.10/dist-packages:${PYTHONPATH} /usr/bin/cmake /home/yvonne/work/src/Hiwin_libmodbus/hiwin_service_client -DCMAKE_INSTALL_PREFIX=/home/yvonne/work/src/install/hiwin_service_client
[0.968s] Invoking command in '/home/yvonne/work/src/build/hiwin_service_client': AMENT_PREFIX_PATH=/home/yvonne/work/src/install/hiwin_libmodbus:/home/yvonne/work/src/install/hiwin_interfaces:${AMENT_PREFIX_PATH} CMAKE_PREFIX_PATH=/home/yvonne/work/src/install/hiwin_libmodbus:/home/yvonne/work/src/install/hiwin_interfaces:/opt/ros/humble LD_LIBRARY_PATH=/home/yvonne/work/src/install/hiwin_libmodbus/lib:/home/yvonne/work/src/install/hiwin_interfaces/lib:${LD_LIBRARY_PATH} PYTHONPATH=/home/yvonne/work/src/install/hiwin_libmodbus/local/lib/python3.10/dist-packages:/home/yvonne/work/src/install/hiwin_interfaces/local/lib/python3.10/dist-packages:${PYTHONPATH} /usr/bin/cmake --build /home/yvonne/work/src/build/hiwin_service_client -- -j16 -l16
[1.002s] Invoked command in '/home/yvonne/work/src/build/hiwin_service_client' returned '0': AMENT_PREFIX_PATH=/home/yvonne/work/src/install/hiwin_libmodbus:/home/yvonne/work/src/install/hiwin_interfaces:${AMENT_PREFIX_PATH} CMAKE_PREFIX_PATH=/home/yvonne/work/src/install/hiwin_libmodbus:/home/yvonne/work/src/install/hiwin_interfaces:/opt/ros/humble LD_LIBRARY_PATH=/home/yvonne/work/src/install/hiwin_libmodbus/lib:/home/yvonne/work/src/install/hiwin_interfaces/lib:${LD_LIBRARY_PATH} PYTHONPATH=/home/yvonne/work/src/install/hiwin_libmodbus/local/lib/python3.10/dist-packages:/home/yvonne/work/src/install/hiwin_interfaces/local/lib/python3.10/dist-packages:${PYTHONPATH} /usr/bin/cmake --build /home/yvonne/work/src/build/hiwin_service_client -- -j16 -l16
[1.019s] Invoking command in '/home/yvonne/work/src/build/hiwin_service_client': AMENT_PREFIX_PATH=/home/yvonne/work/src/install/hiwin_libmodbus:/home/yvonne/work/src/install/hiwin_interfaces:${AMENT_PREFIX_PATH} CMAKE_PREFIX_PATH=/home/yvonne/work/src/install/hiwin_libmodbus:/home/yvonne/work/src/install/hiwin_interfaces:/opt/ros/humble LD_LIBRARY_PATH=/home/yvonne/work/src/install/hiwin_libmodbus/lib:/home/yvonne/work/src/install/hiwin_interfaces/lib:${LD_LIBRARY_PATH} PYTHONPATH=/home/yvonne/work/src/install/hiwin_libmodbus/local/lib/python3.10/dist-packages:/home/yvonne/work/src/install/hiwin_interfaces/local/lib/python3.10/dist-packages:${PYTHONPATH} /usr/bin/cmake --install /home/yvonne/work/src/build/hiwin_service_client
[1.025s] -- Install configuration: ""
[1.025s] -- Installing: /home/yvonne/work/src/install/hiwin_service_client/share/ament_index/resource_index/package_run_dependencies/hiwin_service_client
[1.026s] -- Installing: /home/yvonne/work/src/install/hiwin_service_client/share/ament_index/resource_index/parent_prefix_path/hiwin_service_client
[1.026s] -- Installing: /home/yvonne/work/src/install/hiwin_service_client/share/hiwin_service_client/environment/ament_prefix_path.sh
[1.026s] -- Installing: /home/yvonne/work/src/install/hiwin_service_client/share/hiwin_service_client/environment/ament_prefix_path.dsv
[1.026s] -- Installing: /home/yvonne/work/src/install/hiwin_service_client/share/hiwin_service_client/environment/path.sh
[1.026s] -- Installing: /home/yvonne/work/src/install/hiwin_service_client/share/hiwin_service_client/environment/path.dsv
[1.026s] -- Installing: /home/yvonne/work/src/install/hiwin_service_client/share/hiwin_service_client/local_setup.bash
[1.026s] -- Installing: /home/yvonne/work/src/install/hiwin_service_client/share/hiwin_service_client/local_setup.sh
[1.026s] -- Installing: /home/yvonne/work/src/install/hiwin_service_client/share/hiwin_service_client/local_setup.zsh
[1.026s] -- Installing: /home/yvonne/work/src/install/hiwin_service_client/share/hiwin_service_client/local_setup.dsv
[1.026s] -- Installing: /home/yvonne/work/src/install/hiwin_service_client/share/hiwin_service_client/package.dsv
[1.027s] -- Installing: /home/yvonne/work/src/install/hiwin_service_client/share/ament_index/resource_index/packages/hiwin_service_client
[1.027s] -- Installing: /home/yvonne/work/src/install/hiwin_service_client/share/hiwin_service_client/cmake/hiwin_service_clientConfig.cmake
[1.027s] -- Installing: /home/yvonne/work/src/install/hiwin_service_client/share/hiwin_service_client/cmake/hiwin_service_clientConfig-version.cmake
[1.028s] -- Installing: /home/yvonne/work/src/install/hiwin_service_client/share/hiwin_service_client/package.xml
[1.028s] Invoked command in '/home/yvonne/work/src/build/hiwin_service_client' returned '0': AMENT_PREFIX_PATH=/home/yvonne/work/src/install/hiwin_libmodbus:/home/yvonne/work/src/install/hiwin_interfaces:${AMENT_PREFIX_PATH} CMAKE_PREFIX_PATH=/home/yvonne/work/src/install/hiwin_libmodbus:/home/yvonne/work/src/install/hiwin_interfaces:/opt/ros/humble LD_LIBRARY_PATH=/home/yvonne/work/src/install/hiwin_libmodbus/lib:/home/yvonne/work/src/install/hiwin_interfaces/lib:${LD_LIBRARY_PATH} PYTHONPATH=/home/yvonne/work/src/install/hiwin_libmodbus/local/lib/python3.10/dist-packages:/home/yvonne/work/src/install/hiwin_interfaces/local/lib/python3.10/dist-packages:${PYTHONPATH} /usr/bin/cmake --install /home/yvonne/work/src/build/hiwin_service_client
