[0.008s] Invoking command in '/home/yvonne/work/src/build/realsense2_description': AMENT_PREFIX_PATH=/home/yvonne/work/src/install/realsense2_camera_msgs:${AMENT_PREFIX_PATH} CMAKE_PREFIX_PATH=/home/yvonne/work/src/install/realsense2_camera_msgs:/opt/ros/humble LD_LIBRARY_PATH=/home/yvonne/work/src/install/realsense2_camera_msgs/lib:${LD_LIBRARY_PATH} PYTHONPATH=/home/yvonne/work/src/install/realsense2_camera_msgs/local/lib/python3.10/dist-packages:${PYTHONPATH} /usr/bin/cmake /home/yvonne/work/src/pool/realsense-ros/realsense2_description -DCMAKE_INSTALL_PREFIX=/home/yvonne/work/src/install/realsense2_description
[0.059s] -- The C compiler identification is GNU 11.4.0
[0.098s] -- The CXX compiler identification is GNU 11.4.0
[0.103s] -- Detecting C compiler ABI info
[0.144s] -- Detecting C compiler ABI info - done
[0.153s] -- Check for working C compiler: /usr/bin/cc - skipped
[0.153s] -- Detecting C compile features
[0.153s] -- Detecting C compile features - done
[0.157s] -- Detecting CXX compiler ABI info
[0.209s] -- Detecting CXX compiler ABI info - done
[0.215s] -- Check for working CXX compiler: /usr/bin/c++ - skipped
[0.215s] -- Detecting CXX compile features
[0.215s] -- Detecting CXX compile features - done
[0.217s] -- Found ament_cmake: 1.3.8 (/opt/ros/humble/share/ament_cmake/cmake)
[0.315s] -- Found Python3: /usr/bin/python3 (found version "3.10.12") found components: Interpreter 
[0.410s] -- Configuring done
[0.412s] -- Generating done
[0.412s] -- Build files have been written to: /home/yvonne/work/src/build/realsense2_description
[0.417s] Invoked command in '/home/yvonne/work/src/build/realsense2_description' returned '0': AMENT_PREFIX_PATH=/home/yvonne/work/src/install/realsense2_camera_msgs:${AMENT_PREFIX_PATH} CMAKE_PREFIX_PATH=/home/yvonne/work/src/install/realsense2_camera_msgs:/opt/ros/humble LD_LIBRARY_PATH=/home/yvonne/work/src/install/realsense2_camera_msgs/lib:${LD_LIBRARY_PATH} PYTHONPATH=/home/yvonne/work/src/install/realsense2_camera_msgs/local/lib/python3.10/dist-packages:${PYTHONPATH} /usr/bin/cmake /home/yvonne/work/src/pool/realsense-ros/realsense2_description -DCMAKE_INSTALL_PREFIX=/home/yvonne/work/src/install/realsense2_description
[0.417s] Invoking command in '/home/yvonne/work/src/build/realsense2_description': AMENT_PREFIX_PATH=/home/yvonne/work/src/install/realsense2_camera_msgs:${AMENT_PREFIX_PATH} CMAKE_PREFIX_PATH=/home/yvonne/work/src/install/realsense2_camera_msgs:/opt/ros/humble LD_LIBRARY_PATH=/home/yvonne/work/src/install/realsense2_camera_msgs/lib:${LD_LIBRARY_PATH} PYTHONPATH=/home/yvonne/work/src/install/realsense2_camera_msgs/local/lib/python3.10/dist-packages:${PYTHONPATH} /usr/bin/cmake --build /home/yvonne/work/src/build/realsense2_description -- -j16 -l16
[0.437s] Invoked command in '/home/yvonne/work/src/build/realsense2_description' returned '0': AMENT_PREFIX_PATH=/home/yvonne/work/src/install/realsense2_camera_msgs:${AMENT_PREFIX_PATH} CMAKE_PREFIX_PATH=/home/yvonne/work/src/install/realsense2_camera_msgs:/opt/ros/humble LD_LIBRARY_PATH=/home/yvonne/work/src/install/realsense2_camera_msgs/lib:${LD_LIBRARY_PATH} PYTHONPATH=/home/yvonne/work/src/install/realsense2_camera_msgs/local/lib/python3.10/dist-packages:${PYTHONPATH} /usr/bin/cmake --build /home/yvonne/work/src/build/realsense2_description -- -j16 -l16
[0.450s] Invoking command in '/home/yvonne/work/src/build/realsense2_description': AMENT_PREFIX_PATH=/home/yvonne/work/src/install/realsense2_camera_msgs:${AMENT_PREFIX_PATH} CMAKE_PREFIX_PATH=/home/yvonne/work/src/install/realsense2_camera_msgs:/opt/ros/humble LD_LIBRARY_PATH=/home/yvonne/work/src/install/realsense2_camera_msgs/lib:${LD_LIBRARY_PATH} PYTHONPATH=/home/yvonne/work/src/install/realsense2_camera_msgs/local/lib/python3.10/dist-packages:${PYTHONPATH} /usr/bin/cmake --install /home/yvonne/work/src/build/realsense2_description
[0.454s] -- Install configuration: ""
[0.455s] -- Installing: /home/yvonne/work/src/install/realsense2_description/share/realsense2_description/launch
[0.455s] -- Installing: /home/yvonne/work/src/install/realsense2_description/share/realsense2_description/launch/launch_utils.py
[0.455s] -- Installing: /home/yvonne/work/src/install/realsense2_description/share/realsense2_description/launch/view_model.launch.py
[0.455s] -- Installing: /home/yvonne/work/src/install/realsense2_description/share/realsense2_description/meshes
[0.455s] -- Installing: /home/yvonne/work/src/install/realsense2_description/share/realsense2_description/meshes/d455.stl
[0.456s] -- Installing: /home/yvonne/work/src/install/realsense2_description/share/realsense2_description/meshes/d405.stl
[0.456s] -- Installing: /home/yvonne/work/src/install/realsense2_description/share/realsense2_description/meshes/plug.stl
[0.457s] -- Installing: /home/yvonne/work/src/install/realsense2_description/share/realsense2_description/meshes/d415.stl
[0.469s] -- Installing: /home/yvonne/work/src/install/realsense2_description/share/realsense2_description/meshes/d435.dae
[0.478s] -- Installing: /home/yvonne/work/src/install/realsense2_description/share/realsense2_description/meshes/l515.dae
[0.497s] -- Installing: /home/yvonne/work/src/install/realsense2_description/share/realsense2_description/meshes/plug_collision.stl
[0.497s] -- Installing: /home/yvonne/work/src/install/realsense2_description/share/realsense2_description/rviz
[0.498s] -- Installing: /home/yvonne/work/src/install/realsense2_description/share/realsense2_description/rviz/urdf.rviz
[0.498s] -- Installing: /home/yvonne/work/src/install/realsense2_description/share/realsense2_description/urdf
[0.498s] -- Installing: /home/yvonne/work/src/install/realsense2_description/share/realsense2_description/urdf/_d435i.urdf.xacro
[0.498s] -- Installing: /home/yvonne/work/src/install/realsense2_description/share/realsense2_description/urdf/test_d435_camera.urdf.xacro
[0.498s] -- Installing: /home/yvonne/work/src/install/realsense2_description/share/realsense2_description/urdf/_r430.urdf.xacro
[0.498s] -- Installing: /home/yvonne/work/src/install/realsense2_description/share/realsense2_description/urdf/test_d455_camera.urdf.xacro
[0.498s] -- Installing: /home/yvonne/work/src/install/realsense2_description/share/realsense2_description/urdf/_d435.urdf.xacro
[0.498s] -- Installing: /home/yvonne/work/src/install/realsense2_description/share/realsense2_description/urdf/_d455.urdf.xacro
[0.498s] -- Installing: /home/yvonne/work/src/install/realsense2_description/share/realsense2_description/urdf/test_d435_multiple_cameras.urdf.xacro
[0.498s] -- Installing: /home/yvonne/work/src/install/realsense2_description/share/realsense2_description/urdf/test_d415_camera.urdf.xacro
[0.498s] -- Installing: /home/yvonne/work/src/install/realsense2_description/share/realsense2_description/urdf/test_r430_camera.urdf.xacro
[0.498s] -- Installing: /home/yvonne/work/src/install/realsense2_description/share/realsense2_description/urdf/_materials.urdf.xacro
[0.498s] -- Installing: /home/yvonne/work/src/install/realsense2_description/share/realsense2_description/urdf/_d415.urdf.xacro
[0.499s] -- Installing: /home/yvonne/work/src/install/realsense2_description/share/realsense2_description/urdf/test_d405_camera.urdf.xacro
[0.499s] -- Installing: /home/yvonne/work/src/install/realsense2_description/share/realsense2_description/urdf/_usb_plug.urdf.xacro
[0.499s] -- Installing: /home/yvonne/work/src/install/realsense2_description/share/realsense2_description/urdf/_d435i_imu_modules.urdf.xacro
[0.499s] -- Installing: /home/yvonne/work/src/install/realsense2_description/share/realsense2_description/urdf/_d405.urdf.xacro
[0.499s] -- Installing: /home/yvonne/work/src/install/realsense2_description/share/realsense2_description/urdf/test_r410_camera.urdf.xacro
[0.499s] -- Installing: /home/yvonne/work/src/install/realsense2_description/share/realsense2_description/urdf/_r410.urdf.xacro
[0.499s] -- Installing: /home/yvonne/work/src/install/realsense2_description/share/realsense2_description/urdf/test_d435i_camera.urdf.xacro
[0.499s] -- Installing: /home/yvonne/work/src/install/realsense2_description/share/ament_index/resource_index/package_run_dependencies/realsense2_description
[0.499s] -- Installing: /home/yvonne/work/src/install/realsense2_description/share/ament_index/resource_index/parent_prefix_path/realsense2_description
[0.499s] -- Installing: /home/yvonne/work/src/install/realsense2_description/share/realsense2_description/environment/ament_prefix_path.sh
[0.499s] -- Installing: /home/yvonne/work/src/install/realsense2_description/share/realsense2_description/environment/ament_prefix_path.dsv
[0.499s] -- Installing: /home/yvonne/work/src/install/realsense2_description/share/realsense2_description/environment/path.sh
[0.500s] -- Installing: /home/yvonne/work/src/install/realsense2_description/share/realsense2_description/environment/path.dsv
[0.500s] -- Installing: /home/yvonne/work/src/install/realsense2_description/share/realsense2_description/local_setup.bash
[0.500s] -- Installing: /home/yvonne/work/src/install/realsense2_description/share/realsense2_description/local_setup.sh
[0.500s] -- Installing: /home/yvonne/work/src/install/realsense2_description/share/realsense2_description/local_setup.zsh
[0.500s] -- Installing: /home/yvonne/work/src/install/realsense2_description/share/realsense2_description/local_setup.dsv
[0.500s] -- Installing: /home/yvonne/work/src/install/realsense2_description/share/realsense2_description/package.dsv
[0.500s] -- Installing: /home/yvonne/work/src/install/realsense2_description/share/ament_index/resource_index/packages/realsense2_description
[0.500s] -- Installing: /home/yvonne/work/src/install/realsense2_description/share/realsense2_description/cmake/realsense2_descriptionConfig.cmake
[0.500s] -- Installing: /home/yvonne/work/src/install/realsense2_description/share/realsense2_description/cmake/realsense2_descriptionConfig-version.cmake
[0.500s] -- Installing: /home/yvonne/work/src/install/realsense2_description/share/realsense2_description/package.xml
[0.501s] Invoked command in '/home/yvonne/work/src/build/realsense2_description' returned '0': AMENT_PREFIX_PATH=/home/yvonne/work/src/install/realsense2_camera_msgs:${AMENT_PREFIX_PATH} CMAKE_PREFIX_PATH=/home/yvonne/work/src/install/realsense2_camera_msgs:/opt/ros/humble LD_LIBRARY_PATH=/home/yvonne/work/src/install/realsense2_camera_msgs/lib:${LD_LIBRARY_PATH} PYTHONPATH=/home/yvonne/work/src/install/realsense2_camera_msgs/local/lib/python3.10/dist-packages:${PYTHONPATH} /usr/bin/cmake --install /home/yvonne/work/src/build/realsense2_description
