/home/yvonne/work/src/install/hiwin_control/lib/python3.10/site-packages/hiwin_control/nine_ball_pool0805.py
/home/yvonne/work/src/install/hiwin_control/lib/python3.10/site-packages/hiwin_control/__init__.py
/home/yvonne/work/src/install/hiwin_control/lib/python3.10/site-packages/hiwin_control/nine_arm_controller.py
/home/yvonne/work/src/install/hiwin_control/lib/python3.10/site-packages/hiwin_control/yyy_arm_controller.py
/home/yvonne/work/src/install/hiwin_control/lib/python3.10/site-packages/hiwin_control/transformations.py
/home/yvonne/work/src/install/hiwin_control/lib/python3.10/site-packages/hiwin_control/test_function.py
/home/yvonne/work/src/install/hiwin_control/lib/python3.10/site-packages/hiwin_control/testbeat_arm_controller.py
/home/yvonne/work/src/install/hiwin_control/lib/python3.10/site-packages/hiwin_control/nine_ball_strat.py
/home/yvonne/work/src/install/hiwin_control/lib/python3.10/site-packages/hiwin_control/arm_controller.py
/home/yvonne/work/src/install/hiwin_control/lib/python3.10/site-packages/hiwin_control/team_selection.py
/home/yvonne/work/src/install/hiwin_control/lib/python3.10/site-packages/hiwin_control/pool_strat_v2.py
/home/yvonne/work/src/install/hiwin_control/lib/python3.10/site-packages/hiwin_control/rush_arm_controller.py
/home/yvonne/work/src/install/hiwin_control/lib/python3.10/site-packages/hiwin_control/pool_arm_controller.py
/home/yvonne/work/src/install/hiwin_control/lib/python3.10/site-packages/hiwin_control/stream_rs.py
/home/yvonne/work/src/install/hiwin_control/lib/python3.10/site-packages/hiwin_control/__pycache__/nine_ball_pool0805.cpython-310.pyc
/home/yvonne/work/src/install/hiwin_control/lib/python3.10/site-packages/hiwin_control/__pycache__/__init__.cpython-310.pyc
/home/yvonne/work/src/install/hiwin_control/lib/python3.10/site-packages/hiwin_control/__pycache__/nine_arm_controller.cpython-310.pyc
/home/yvonne/work/src/install/hiwin_control/lib/python3.10/site-packages/hiwin_control/__pycache__/yyy_arm_controller.cpython-310.pyc
/home/yvonne/work/src/install/hiwin_control/lib/python3.10/site-packages/hiwin_control/__pycache__/transformations.cpython-310.pyc
/home/yvonne/work/src/install/hiwin_control/lib/python3.10/site-packages/hiwin_control/__pycache__/test_function.cpython-310.pyc
/home/yvonne/work/src/install/hiwin_control/lib/python3.10/site-packages/hiwin_control/__pycache__/testbeat_arm_controller.cpython-310.pyc
/home/yvonne/work/src/install/hiwin_control/lib/python3.10/site-packages/hiwin_control/__pycache__/nine_ball_strat.cpython-310.pyc
/home/yvonne/work/src/install/hiwin_control/lib/python3.10/site-packages/hiwin_control/__pycache__/arm_controller.cpython-310.pyc
/home/yvonne/work/src/install/hiwin_control/lib/python3.10/site-packages/hiwin_control/__pycache__/team_selection.cpython-310.pyc
/home/yvonne/work/src/install/hiwin_control/lib/python3.10/site-packages/hiwin_control/__pycache__/pool_strat_v2.cpython-310.pyc
/home/yvonne/work/src/install/hiwin_control/lib/python3.10/site-packages/hiwin_control/__pycache__/rush_arm_controller.cpython-310.pyc
/home/yvonne/work/src/install/hiwin_control/lib/python3.10/site-packages/hiwin_control/__pycache__/pool_arm_controller.cpython-310.pyc
/home/yvonne/work/src/install/hiwin_control/lib/python3.10/site-packages/hiwin_control/__pycache__/stream_rs.cpython-310.pyc
/home/yvonne/work/src/install/hiwin_control/share/ament_index/resource_index/packages/hiwin_control
/home/yvonne/work/src/install/hiwin_control/share/hiwin_control/package.xml
/home/yvonne/work/src/install/hiwin_control/lib/python3.10/site-packages/hiwin_control-0.0.0-py3.10.egg-info/SOURCES.txt
/home/yvonne/work/src/install/hiwin_control/lib/python3.10/site-packages/hiwin_control-0.0.0-py3.10.egg-info/PKG-INFO
/home/yvonne/work/src/install/hiwin_control/lib/python3.10/site-packages/hiwin_control-0.0.0-py3.10.egg-info/zip-safe
/home/yvonne/work/src/install/hiwin_control/lib/python3.10/site-packages/hiwin_control-0.0.0-py3.10.egg-info/top_level.txt
/home/yvonne/work/src/install/hiwin_control/lib/python3.10/site-packages/hiwin_control-0.0.0-py3.10.egg-info/requires.txt
/home/yvonne/work/src/install/hiwin_control/lib/python3.10/site-packages/hiwin_control-0.0.0-py3.10.egg-info/dependency_links.txt
/home/yvonne/work/src/install/hiwin_control/lib/python3.10/site-packages/hiwin_control-0.0.0-py3.10.egg-info/entry_points.txt
/home/yvonne/work/src/install/hiwin_control/lib/hiwin_control/arm_controller
/home/yvonne/work/src/install/hiwin_control/lib/hiwin_control/nine_arm_controller
/home/yvonne/work/src/install/hiwin_control/lib/hiwin_control/pool_arm_controller
/home/yvonne/work/src/install/hiwin_control/lib/hiwin_control/rush_arm_controller
/home/yvonne/work/src/install/hiwin_control/lib/hiwin_control/stream_rs
/home/yvonne/work/src/install/hiwin_control/lib/hiwin_control/team_selection
/home/yvonne/work/src/install/hiwin_control/lib/hiwin_control/testbeat_arm_controller
/home/yvonne/work/src/install/hiwin_control/lib/hiwin_control/yyy_arm_controller
